# Logfile created on 2022-05-14 17:31:03 -0300 by logger.rb/v1.4.2
D, [2022-05-14T17:31:37.777416 #22072] DEBUG -- : MONGODB | Topology type 'unknown' initializing.
D, [2022-05-14T17:31:37.777972 #22072] DEBUG -- : MONGODB | There was a change in the members of the 'Unknown' topology.
D, [2022-05-14T17:31:37.778360 #22072] DEBUG -- : MONGODB | Server rocklov-db:27017 initializing.
D, [2022-05-14T17:31:37.778901 #22072] DEBUG -- : MONGODB | Waiting for up to 30.00 seconds for servers to be scanned: #<Cluster topology=Unknown[rocklov-db:27017] servers=[#<Server address=rocklov-db:27017 UNKNOWN>]>
D, [2022-05-14T17:31:37.795384 #22072] DEBUG -- : MONGODB | Server description for rocklov-db:27017 changed from 'unknown' to 'standalone'.
D, [2022-05-14T17:31:37.796389 #22072] DEBUG -- : MONGODB | Topology type 'Unknown' changed to type 'Single'.
D, [2022-05-14T17:31:37.811699 #22072] DEBUG -- : MONGODB | Server description for rocklov-db:27017 changed from 'standalone' to 'standalone'.
D, [2022-05-14T17:31:37.811988 #22072] DEBUG -- : MONGODB | There was a change in the members of the 'Single' topology.
D, [2022-05-14T17:31:37.813099 #22072] DEBUG -- : MONGODB | rocklov-db:27017 req:7 conn:1:1 sconn:15 | rocklov.delete | STARTED | {"delete"=>"users", "ordered"=>true, "deletes"=>[{"q"=>{"email"=>"massa.teste@email.com"}, "limit"=>0}], "$db"=>"rocklov", "lsid"=>{"id"=><BSON::Binary:0x50860 type=uuid data=0x20644b734e864171...>}}
D, [2022-05-14T17:31:37.824265 #22072] DEBUG -- : MONGODB | rocklov-db:27017 req:7 | rocklov.delete | SUCCEEDED | 0.011s
D, [2022-05-14T17:31:41.826010 #22072] DEBUG -- : MONGODB | Server description for rocklov-db:27017 changed from 'standalone' to 'standalone'.
D, [2022-05-14T17:31:41.826644 #22072] DEBUG -- : MONGODB | There was a change in the members of the 'Single' topology.
D, [2022-05-14T17:31:41.827912 #22072] DEBUG -- : MONGODB | rocklov-db:27017 req:9 conn:1:2 sconn:17 | admin.endSessions | STARTED | {"endSessions"=>[{"id"=><BSON::Binary:0x50860 type=uuid data=0x20644b734e864171...>}], "$db"=>"admin"}
D, [2022-05-14T17:31:41.838841 #22072] DEBUG -- : MONGODB | rocklov-db:27017 req:9 | admin.endSessions | SUCCEEDED | 0.011s
D, [2022-05-14T17:31:56.686720 #23680] DEBUG -- : MONGODB | Topology type 'unknown' initializing.
D, [2022-05-14T17:31:56.687294 #23680] DEBUG -- : MONGODB | There was a change in the members of the 'Unknown' topology.
D, [2022-05-14T17:31:56.687569 #23680] DEBUG -- : MONGODB | Server rocklov-db:27017 initializing.
D, [2022-05-14T17:31:56.687819 #23680] DEBUG -- : MONGODB | Waiting for up to 30.00 seconds for servers to be scanned: #<Cluster topology=Unknown[rocklov-db:27017] servers=[#<Server address=rocklov-db:27017 UNKNOWN>]>
D, [2022-05-14T17:31:56.703975 #23680] DEBUG -- : MONGODB | Server description for rocklov-db:27017 changed from 'unknown' to 'standalone'.
D, [2022-05-14T17:31:56.704497 #23680] DEBUG -- : MONGODB | Topology type 'Unknown' changed to type 'Single'.
D, [2022-05-14T17:31:56.719709 #23680] DEBUG -- : MONGODB | Server description for rocklov-db:27017 changed from 'standalone' to 'standalone'.
D, [2022-05-14T17:31:56.720360 #23680] DEBUG -- : MONGODB | There was a change in the members of the 'Single' topology.
D, [2022-05-14T17:31:56.723748 #23680] DEBUG -- : MONGODB | rocklov-db:27017 req:7 conn:1:1 sconn:19 | rocklov.delete | STARTED | {"delete"=>"users", "ordered"=>true, "deletes"=>[{"q"=>{"email"=>"massa.teste@email.com"}, "limit"=>0}], "$db"=>"rocklov", "lsid"=>{"id"=><BSON::Binary:0x50860 type=uuid data=0x9dc87ab6f8e143c2...>}}
D, [2022-05-14T17:31:56.736399 #23680] DEBUG -- : MONGODB | rocklov-db:27017 req:7 | rocklov.delete | SUCCEEDED | 0.012s
D, [2022-05-14T17:31:57.666193 #23680] DEBUG -- : MONGODB | Server description for rocklov-db:27017 changed from 'standalone' to 'standalone'.
D, [2022-05-14T17:31:57.666422 #23680] DEBUG -- : MONGODB | There was a change in the members of the 'Single' topology.
D, [2022-05-14T17:31:57.666919 #23680] DEBUG -- : MONGODB | rocklov-db:27017 req:9 conn:1:2 sconn:20 | admin.endSessions | STARTED | {"endSessions"=>[{"id"=><BSON::Binary:0x50860 type=uuid data=0x9dc87ab6f8e143c2...>}], "$db"=>"admin"}
D, [2022-05-14T17:31:57.677770 #23680] DEBUG -- : MONGODB | rocklov-db:27017 req:9 | admin.endSessions | SUCCEEDED | 0.011s
D, [2022-05-14T17:32:10.749311 #8664] DEBUG -- : MONGODB | Topology type 'unknown' initializing.
D, [2022-05-14T17:32:10.749860 #8664] DEBUG -- : MONGODB | There was a change in the members of the 'Unknown' topology.
D, [2022-05-14T17:32:10.750102 #8664] DEBUG -- : MONGODB | Server rocklov-db:27017 initializing.
D, [2022-05-14T17:32:10.750340 #8664] DEBUG -- : MONGODB | Waiting for up to 30.00 seconds for servers to be scanned: #<Cluster topology=Unknown[rocklov-db:27017] servers=[#<Server address=rocklov-db:27017 UNKNOWN>]>
D, [2022-05-14T17:32:10.766047 #8664] DEBUG -- : MONGODB | Server description for rocklov-db:27017 changed from 'unknown' to 'standalone'.
D, [2022-05-14T17:32:10.766479 #8664] DEBUG -- : MONGODB | Topology type 'Unknown' changed to type 'Single'.
D, [2022-05-14T17:32:10.781665 #8664] DEBUG -- : MONGODB | Server description for rocklov-db:27017 changed from 'standalone' to 'standalone'.
D, [2022-05-14T17:32:10.782156 #8664] DEBUG -- : MONGODB | There was a change in the members of the 'Single' topology.
D, [2022-05-14T17:32:10.783213 #8664] DEBUG -- : MONGODB | rocklov-db:27017 req:7 conn:1:1 sconn:22 | rocklov.delete | STARTED | {"delete"=>"users", "ordered"=>true, "deletes"=>[{"q"=>{"email"=>"massa.teste@email.com"}, "limit"=>0}], "$db"=>"rocklov", "lsid"=>{"id"=><BSON::Binary:0x50860 type=uuid data=0x0a76d57e748a4e95...>}}
D, [2022-05-14T17:32:10.795566 #8664] DEBUG -- : MONGODB | rocklov-db:27017 req:7 | rocklov.delete | SUCCEEDED | 0.012s
D, [2022-05-14T17:32:11.736414 #8664] DEBUG -- : MONGODB | Server description for rocklov-db:27017 changed from 'standalone' to 'standalone'.
D, [2022-05-14T17:32:11.736726 #8664] DEBUG -- : MONGODB | There was a change in the members of the 'Single' topology.
D, [2022-05-14T17:32:11.737642 #8664] DEBUG -- : MONGODB | rocklov-db:27017 req:9 conn:1:2 sconn:23 | admin.endSessions | STARTED | {"endSessions"=>[{"id"=><BSON::Binary:0x50860 type=uuid data=0x0a76d57e748a4e95...>}], "$db"=>"admin"}
D, [2022-05-14T17:32:11.760985 #8664] DEBUG -- : MONGODB | rocklov-db:27017 req:9 | admin.endSessions | SUCCEEDED | 0.023s
D, [2022-05-14T19:10:09.905324 #16252] DEBUG -- : MONGODB | Topology type 'unknown' initializing.
D, [2022-05-14T19:10:09.905798 #16252] DEBUG -- : MONGODB | There was a change in the members of the 'Unknown' topology.
D, [2022-05-14T19:10:09.906069 #16252] DEBUG -- : MONGODB | Server rocklov-db:27017 initializing.
D, [2022-05-14T19:10:09.906434 #16252] DEBUG -- : MONGODB | Waiting for up to 30.00 seconds for servers to be scanned: #<Cluster topology=Unknown[rocklov-db:27017] servers=[#<Server address=rocklov-db:27017 UNKNOWN>]>
D, [2022-05-14T19:10:09.922857 #16252] DEBUG -- : MONGODB | Server description for rocklov-db:27017 changed from 'unknown' to 'standalone'.
D, [2022-05-14T19:10:09.923287 #16252] DEBUG -- : MONGODB | Topology type 'Unknown' changed to type 'Single'.
D, [2022-05-14T19:10:09.937426 #16252] DEBUG -- : MONGODB | Server description for rocklov-db:27017 changed from 'standalone' to 'standalone'.
D, [2022-05-14T19:10:09.937694 #16252] DEBUG -- : MONGODB | There was a change in the members of the 'Single' topology.
D, [2022-05-14T19:10:09.938511 #16252] DEBUG -- : MONGODB | rocklov-db:27017 req:7 conn:1:1 sconn:25 | rocklov.delete | STARTED | {"delete"=>"users", "ordered"=>true, "deletes"=>[{"q"=>{"email"=>"#Mt1903mqn%"}, "limit"=>0}], "$db"=>"rocklov", "lsid"=>{"id"=><BSON::Binary:0x50860 type=uuid data=0xb31410f949d04047...>}}
D, [2022-05-14T19:10:09.949942 #16252] DEBUG -- : MONGODB | rocklov-db:27017 req:7 | rocklov.delete | SUCCEEDED | 0.011s
D, [2022-05-14T19:10:12.844550 #16252] DEBUG -- : MONGODB | Server description for rocklov-db:27017 changed from 'standalone' to 'standalone'.
D, [2022-05-14T19:10:12.844773 #16252] DEBUG -- : MONGODB | There was a change in the members of the 'Single' topology.
D, [2022-05-14T19:10:12.845344 #16252] DEBUG -- : MONGODB | rocklov-db:27017 req:9 conn:1:2 sconn:27 | admin.endSessions | STARTED | {"endSessions"=>[{"id"=><BSON::Binary:0x50860 type=uuid data=0xb31410f949d04047...>}], "$db"=>"admin"}
D, [2022-05-14T19:10:12.856994 #16252] DEBUG -- : MONGODB | rocklov-db:27017 req:9 | admin.endSessions | SUCCEEDED | 0.011s
D, [2022-05-14T19:10:42.184237 #14292] DEBUG -- : MONGODB | Topology type 'unknown' initializing.
D, [2022-05-14T19:10:42.184669 #14292] DEBUG -- : MONGODB | There was a change in the members of the 'Unknown' topology.
D, [2022-05-14T19:10:42.184923 #14292] DEBUG -- : MONGODB | Server rocklov-db:27017 initializing.
D, [2022-05-14T19:10:42.185183 #14292] DEBUG -- : MONGODB | Waiting for up to 30.00 seconds for servers to be scanned: #<Cluster topology=Unknown[rocklov-db:27017] servers=[#<Server address=rocklov-db:27017 UNKNOWN>]>
D, [2022-05-14T19:10:42.201110 #14292] DEBUG -- : MONGODB | Server description for rocklov-db:27017 changed from 'unknown' to 'standalone'.
D, [2022-05-14T19:10:42.201479 #14292] DEBUG -- : MONGODB | Topology type 'Unknown' changed to type 'Single'.
D, [2022-05-14T19:10:42.215743 #14292] DEBUG -- : MONGODB | Server description for rocklov-db:27017 changed from 'standalone' to 'standalone'.
D, [2022-05-14T19:10:42.216078 #14292] DEBUG -- : MONGODB | There was a change in the members of the 'Single' topology.
D, [2022-05-14T19:10:42.217718 #14292] DEBUG -- : MONGODB | rocklov-db:27017 req:7 conn:1:1 sconn:29 | rocklov.delete | STARTED | {"delete"=>"users", "ordered"=>true, "deletes"=>[{"q"=>{"email"=>"#Mt1903mqn%"}, "limit"=>0}], "$db"=>"rocklov", "lsid"=>{"id"=><BSON::Binary:0x50860 type=uuid data=0xa70476fea5ab46ff...>}}
D, [2022-05-14T19:10:42.229309 #14292] DEBUG -- : MONGODB | rocklov-db:27017 req:7 | rocklov.delete | SUCCEEDED | 0.011s
D, [2022-05-14T19:10:45.136421 #14292] DEBUG -- : MONGODB | Server description for rocklov-db:27017 changed from 'standalone' to 'standalone'.
D, [2022-05-14T19:10:45.136746 #14292] DEBUG -- : MONGODB | There was a change in the members of the 'Single' topology.
D, [2022-05-14T19:10:45.137503 #14292] DEBUG -- : MONGODB | rocklov-db:27017 req:9 conn:1:2 sconn:30 | admin.endSessions | STARTED | {"endSessions"=>[{"id"=><BSON::Binary:0x50860 type=uuid data=0xa70476fea5ab46ff...>}], "$db"=>"admin"}
D, [2022-05-14T19:10:45.148841 #14292] DEBUG -- : MONGODB | rocklov-db:27017 req:9 | admin.endSessions | SUCCEEDED | 0.011s
D, [2022-05-14T19:18:32.561340 #18168] DEBUG -- : MONGODB | Topology type 'unknown' initializing.
D, [2022-05-14T19:18:32.562341 #18168] DEBUG -- : MONGODB | There was a change in the members of the 'Unknown' topology.
D, [2022-05-14T19:18:32.562697 #18168] DEBUG -- : MONGODB | Server rocklov-db:27017 initializing.
D, [2022-05-14T19:18:32.563069 #18168] DEBUG -- : MONGODB | Waiting for up to 30.00 seconds for servers to be scanned: #<Cluster topology=Unknown[rocklov-db:27017] servers=[#<Server address=rocklov-db:27017 UNKNOWN>]>
D, [2022-05-14T19:18:32.578846 #18168] DEBUG -- : MONGODB | Server description for rocklov-db:27017 changed from 'unknown' to 'standalone'.
D, [2022-05-14T19:18:32.579323 #18168] DEBUG -- : MONGODB | Topology type 'Unknown' changed to type 'Single'.
D, [2022-05-14T19:18:32.595116 #18168] DEBUG -- : MONGODB | Server description for rocklov-db:27017 changed from 'standalone' to 'standalone'.
D, [2022-05-14T19:18:32.595504 #18168] DEBUG -- : MONGODB | There was a change in the members of the 'Single' topology.
D, [2022-05-14T19:18:32.597075 #18168] DEBUG -- : MONGODB | rocklov-db:27017 req:7 conn:1:1 sconn:32 | rocklov.delete | STARTED | {"delete"=>"users", "ordered"=>true, "deletes"=>[{"q"=>{"email"=>"massa.teste@email.com"}, "limit"=>0}], "$db"=>"rocklov", "lsid"=>{"id"=><BSON::Binary:0x50860 type=uuid data=0x5f1fffa04a3a4712...>}}
D, [2022-05-14T19:18:32.610552 #18168] DEBUG -- : MONGODB | rocklov-db:27017 req:7 | rocklov.delete | SUCCEEDED | 0.013s
D, [2022-05-14T19:18:34.675567 #18168] DEBUG -- : MONGODB | Server description for rocklov-db:27017 changed from 'standalone' to 'standalone'.
D, [2022-05-14T19:18:34.675915 #18168] DEBUG -- : MONGODB | There was a change in the members of the 'Single' topology.
D, [2022-05-14T19:18:34.676594 #18168] DEBUG -- : MONGODB | rocklov-db:27017 req:9 conn:1:2 sconn:34 | admin.endSessions | STARTED | {"endSessions"=>[{"id"=><BSON::Binary:0x50860 type=uuid data=0x5f1fffa04a3a4712...>}], "$db"=>"admin"}
D, [2022-05-14T19:18:34.688132 #18168] DEBUG -- : MONGODB | rocklov-db:27017 req:9 | admin.endSessions | SUCCEEDED | 0.011s
D, [2022-05-14T19:18:54.262668 #21116] DEBUG -- : MONGODB | Topology type 'unknown' initializing.
D, [2022-05-14T19:18:54.263269 #21116] DEBUG -- : MONGODB | There was a change in the members of the 'Unknown' topology.
D, [2022-05-14T19:18:54.263539 #21116] DEBUG -- : MONGODB | Server rocklov-db:27017 initializing.
D, [2022-05-14T19:18:54.263861 #21116] DEBUG -- : MONGODB | Waiting for up to 30.00 seconds for servers to be scanned: #<Cluster topology=Unknown[rocklov-db:27017] servers=[#<Server address=rocklov-db:27017 UNKNOWN>]>
D, [2022-05-14T19:18:54.280120 #21116] DEBUG -- : MONGODB | Server description for rocklov-db:27017 changed from 'unknown' to 'standalone'.
D, [2022-05-14T19:18:54.280645 #21116] DEBUG -- : MONGODB | Topology type 'Unknown' changed to type 'Single'.
D, [2022-05-14T19:18:54.295251 #21116] DEBUG -- : MONGODB | Server description for rocklov-db:27017 changed from 'standalone' to 'standalone'.
D, [2022-05-14T19:18:54.295520 #21116] DEBUG -- : MONGODB | There was a change in the members of the 'Single' topology.
D, [2022-05-14T19:18:54.296413 #21116] DEBUG -- : MONGODB | rocklov-db:27017 req:7 conn:1:1 sconn:36 | rocklov.delete | STARTED | {"delete"=>"users", "ordered"=>true, "deletes"=>[{"q"=>{"email"=>"massa.teste@email.com"}, "limit"=>0}], "$db"=>"rocklov", "lsid"=>{"id"=><BSON::Binary:0x50860 type=uuid data=0xd21bad51958843fb...>}}
D, [2022-05-14T19:18:54.308759 #21116] DEBUG -- : MONGODB | rocklov-db:27017 req:7 | rocklov.delete | SUCCEEDED | 0.012s
D, [2022-05-14T19:18:55.180234 #21116] DEBUG -- : MONGODB | Server description for rocklov-db:27017 changed from 'standalone' to 'standalone'.
D, [2022-05-14T19:18:55.180567 #21116] DEBUG -- : MONGODB | There was a change in the members of the 'Single' topology.
D, [2022-05-14T19:18:55.181221 #21116] DEBUG -- : MONGODB | rocklov-db:27017 req:9 conn:1:2 sconn:37 | admin.endSessions | STARTED | {"endSessions"=>[{"id"=><BSON::Binary:0x50860 type=uuid data=0xd21bad51958843fb...>}], "$db"=>"admin"}
D, [2022-05-14T19:18:55.192017 #21116] DEBUG -- : MONGODB | rocklov-db:27017 req:9 | admin.endSessions | SUCCEEDED | 0.011s
D, [2022-05-14T19:19:08.241227 #23768] DEBUG -- : MONGODB | Topology type 'unknown' initializing.
D, [2022-05-14T19:19:08.241942 #23768] DEBUG -- : MONGODB | There was a change in the members of the 'Unknown' topology.
D, [2022-05-14T19:19:08.242238 #23768] DEBUG -- : MONGODB | Server rocklov-db:27017 initializing.
D, [2022-05-14T19:19:08.242542 #23768] DEBUG -- : MONGODB | Waiting for up to 30.00 seconds for servers to be scanned: #<Cluster topology=Unknown[rocklov-db:27017] servers=[#<Server address=rocklov-db:27017 UNKNOWN>]>
D, [2022-05-14T19:19:08.259635 #23768] DEBUG -- : MONGODB | Server description for rocklov-db:27017 changed from 'unknown' to 'standalone'.
D, [2022-05-14T19:19:08.260034 #23768] DEBUG -- : MONGODB | Topology type 'Unknown' changed to type 'Single'.
D, [2022-05-14T19:19:08.275013 #23768] DEBUG -- : MONGODB | Server description for rocklov-db:27017 changed from 'standalone' to 'standalone'.
D, [2022-05-14T19:19:08.275503 #23768] DEBUG -- : MONGODB | There was a change in the members of the 'Single' topology.
D, [2022-05-14T19:19:08.276791 #23768] DEBUG -- : MONGODB | rocklov-db:27017 req:7 conn:1:1 sconn:39 | rocklov.delete | STARTED | {"delete"=>"users", "ordered"=>true, "deletes"=>[{"q"=>{"email"=>"massa.teste@email.com"}, "limit"=>0}], "$db"=>"rocklov", "lsid"=>{"id"=><BSON::Binary:0x50860 type=uuid data=0x06a0cb165c854ebb...>}}
D, [2022-05-14T19:19:08.288522 #23768] DEBUG -- : MONGODB | rocklov-db:27017 req:7 | rocklov.delete | SUCCEEDED | 0.011s
D, [2022-05-14T19:19:09.476312 #23768] DEBUG -- : MONGODB | Server description for rocklov-db:27017 changed from 'standalone' to 'standalone'.
D, [2022-05-14T19:19:09.477010 #23768] DEBUG -- : MONGODB | There was a change in the members of the 'Single' topology.
D, [2022-05-14T19:19:09.477542 #23768] DEBUG -- : MONGODB | rocklov-db:27017 req:9 conn:1:2 sconn:40 | admin.endSessions | STARTED | {"endSessions"=>[{"id"=><BSON::Binary:0x50860 type=uuid data=0x06a0cb165c854ebb...>}], "$db"=>"admin"}
D, [2022-05-14T19:19:09.489677 #23768] DEBUG -- : MONGODB | rocklov-db:27017 req:9 | admin.endSessions | SUCCEEDED | 0.012s
D, [2022-05-14T19:26:28.240451 #13104] DEBUG -- : MONGODB | Topology type 'unknown' initializing.
D, [2022-05-14T19:26:28.242050 #13104] DEBUG -- : MONGODB | There was a change in the members of the 'Unknown' topology.
D, [2022-05-14T19:26:28.242825 #13104] DEBUG -- : MONGODB | Server rocklov-db:27017 initializing.
D, [2022-05-14T19:26:28.243708 #13104] DEBUG -- : MONGODB | Waiting for up to 30.00 seconds for servers to be scanned: #<Cluster topology=Unknown[rocklov-db:27017] servers=[#<Server address=rocklov-db:27017 UNKNOWN>]>
D, [2022-05-14T19:26:28.261730 #13104] DEBUG -- : MONGODB | Server description for rocklov-db:27017 changed from 'unknown' to 'standalone'.
D, [2022-05-14T19:26:28.262118 #13104] DEBUG -- : MONGODB | Topology type 'Unknown' changed to type 'Single'.
D, [2022-05-14T19:26:28.276308 #13104] DEBUG -- : MONGODB | Server description for rocklov-db:27017 changed from 'standalone' to 'standalone'.
D, [2022-05-14T19:26:28.276634 #13104] DEBUG -- : MONGODB | There was a change in the members of the 'Single' topology.
D, [2022-05-14T19:26:28.277402 #13104] DEBUG -- : MONGODB | rocklov-db:27017 req:7 conn:1:1 sconn:42 | rocklov.delete | STARTED | {"delete"=>"users", "ordered"=>true, "deletes"=>[{"q"=>{"email"=>"massa.teste@email.com"}, "limit"=>0}], "$db"=>"rocklov", "lsid"=>{"id"=><BSON::Binary:0x50880 type=uuid data=0xe6121ff1e4094ef0...>}}
D, [2022-05-14T19:26:28.289815 #13104] DEBUG -- : MONGODB | rocklov-db:27017 req:7 | rocklov.delete | SUCCEEDED | 0.012s
D, [2022-05-14T19:26:29.426965 #13104] DEBUG -- : MONGODB | Topology type 'unknown' initializing.
D, [2022-05-14T19:26:29.427289 #13104] DEBUG -- : MONGODB | There was a change in the members of the 'Unknown' topology.
D, [2022-05-14T19:26:29.427470 #13104] DEBUG -- : MONGODB | Server rocklov-db:27017 initializing.
D, [2022-05-14T19:26:29.427833 #13104] DEBUG -- : MONGODB | Waiting for up to 30.00 seconds for servers to be scanned: #<Cluster topology=Unknown[rocklov-db:27017] servers=[#<Server address=rocklov-db:27017 UNKNOWN>]>
D, [2022-05-14T19:26:29.443754 #13104] DEBUG -- : MONGODB | Server description for rocklov-db:27017 changed from 'unknown' to 'standalone'.
D, [2022-05-14T19:26:29.444667 #13104] DEBUG -- : MONGODB | Topology type 'Unknown' changed to type 'Single'.
D, [2022-05-14T19:26:29.460412 #13104] DEBUG -- : MONGODB | Server description for rocklov-db:27017 changed from 'standalone' to 'standalone'.
D, [2022-05-14T19:26:29.460747 #13104] DEBUG -- : MONGODB | There was a change in the members of the 'Single' topology.
D, [2022-05-14T19:26:29.462540 #13104] DEBUG -- : MONGODB | rocklov-db:27017 req:10 conn:1:1 sconn:44 | rocklov.delete | STARTED | {"delete"=>"users", "ordered"=>true, "deletes"=>[{"q"=>{"email"=>""}, "limit"=>0}], "$db"=>"rocklov", "lsid"=>{"id"=><BSON::Binary:0x51000 type=uuid data=0xfad628f965d4461e...>}}
D, [2022-05-14T19:26:29.474798 #13104] DEBUG -- : MONGODB | rocklov-db:27017 req:10 | rocklov.delete | SUCCEEDED | 0.012s
D, [2022-05-14T19:26:30.468775 #13104] DEBUG -- : MONGODB | Topology type 'unknown' initializing.
D, [2022-05-14T19:26:30.469120 #13104] DEBUG -- : MONGODB | There was a change in the members of the 'Unknown' topology.
D, [2022-05-14T19:26:30.469309 #13104] DEBUG -- : MONGODB | Server rocklov-db:27017 initializing.
D, [2022-05-14T19:26:30.469616 #13104] DEBUG -- : MONGODB | Waiting for up to 30.00 seconds for servers to be scanned: #<Cluster topology=Unknown[rocklov-db:27017] servers=[#<Server address=rocklov-db:27017 UNKNOWN>]>
D, [2022-05-14T19:26:30.487128 #13104] DEBUG -- : MONGODB | Server description for rocklov-db:27017 changed from 'unknown' to 'standalone'.
D, [2022-05-14T19:26:30.487563 #13104] DEBUG -- : MONGODB | Topology type 'Unknown' changed to type 'Single'.
D, [2022-05-14T19:26:30.502912 #13104] DEBUG -- : MONGODB | Server description for rocklov-db:27017 changed from 'standalone' to 'standalone'.
D, [2022-05-14T19:26:30.503701 #13104] DEBUG -- : MONGODB | There was a change in the members of the 'Single' topology.
D, [2022-05-14T19:26:30.504695 #13104] DEBUG -- : MONGODB | rocklov-db:27017 req:13 conn:1:1 sconn:46 | rocklov.delete | STARTED | {"delete"=>"users", "ordered"=>true, "deletes"=>[{"q"=>{"email"=>"massa teste.com"}, "limit"=>0}], "$db"=>"rocklov", "lsid"=>{"id"=><BSON::Binary:0x51120 type=uuid data=0x50a7cabb0279427c...>}}
D, [2022-05-14T19:26:30.516219 #13104] DEBUG -- : MONGODB | rocklov-db:27017 req:13 | rocklov.delete | SUCCEEDED | 0.011s
D, [2022-05-14T19:26:31.188092 #13104] DEBUG -- : MONGODB | Topology type 'unknown' initializing.
D, [2022-05-14T19:26:31.188837 #13104] DEBUG -- : MONGODB | There was a change in the members of the 'Unknown' topology.
D, [2022-05-14T19:26:31.189256 #13104] DEBUG -- : MONGODB | Server rocklov-db:27017 initializing.
D, [2022-05-14T19:26:31.189683 #13104] DEBUG -- : MONGODB | Waiting for up to 30.00 seconds for servers to be scanned: #<Cluster topology=Unknown[rocklov-db:27017] servers=[#<Server address=rocklov-db:27017 UNKNOWN>]>
D, [2022-05-14T19:26:31.206310 #13104] DEBUG -- : MONGODB | Server description for rocklov-db:27017 changed from 'unknown' to 'standalone'.
D, [2022-05-14T19:26:31.206660 #13104] DEBUG -- : MONGODB | Topology type 'Unknown' changed to type 'Single'.
D, [2022-05-14T19:26:31.222780 #13104] DEBUG -- : MONGODB | Server description for rocklov-db:27017 changed from 'standalone' to 'standalone'.
D, [2022-05-14T19:26:31.223084 #13104] DEBUG -- : MONGODB | There was a change in the members of the 'Single' topology.
D, [2022-05-14T19:26:31.223782 #13104] DEBUG -- : MONGODB | rocklov-db:27017 req:16 conn:1:1 sconn:48 | rocklov.delete | STARTED | {"delete"=>"users", "ordered"=>true, "deletes"=>[{"q"=>{"email"=>"massa.teste@email.com"}, "limit"=>0}], "$db"=>"rocklov", "lsid"=>{"id"=><BSON::Binary:0x51240 type=uuid data=0x1055e08f590d4822...>}}
D, [2022-05-14T19:26:31.235326 #13104] DEBUG -- : MONGODB | rocklov-db:27017 req:16 | rocklov.delete | SUCCEEDED | 0.011s
D, [2022-05-14T19:26:32.395127 #13104] DEBUG -- : MONGODB | Server description for rocklov-db:27017 changed from 'standalone' to 'standalone'.
D, [2022-05-14T19:26:32.395358 #13104] DEBUG -- : MONGODB | There was a change in the members of the 'Single' topology.
D, [2022-05-14T19:26:32.395932 #13104] DEBUG -- : MONGODB | rocklov-db:27017 req:18 conn:1:2 sconn:49 | admin.endSessions | STARTED | {"endSessions"=>[{"id"=><BSON::Binary:0x51240 type=uuid data=0x1055e08f590d4822...>}], "$db"=>"admin"}
D, [2022-05-14T19:26:32.407320 #13104] DEBUG -- : MONGODB | rocklov-db:27017 req:18 | admin.endSessions | SUCCEEDED | 0.011s
D, [2022-05-14T19:26:32.425020 #13104] DEBUG -- : MONGODB | Server description for rocklov-db:27017 changed from 'standalone' to 'standalone'.
D, [2022-05-14T19:26:32.425320 #13104] DEBUG -- : MONGODB | There was a change in the members of the 'Single' topology.
D, [2022-05-14T19:26:32.425888 #13104] DEBUG -- : MONGODB | rocklov-db:27017 req:20 conn:1:2 sconn:50 | admin.endSessions | STARTED | {"endSessions"=>[{"id"=><BSON::Binary:0x51120 type=uuid data=0x50a7cabb0279427c...>}], "$db"=>"admin"}
D, [2022-05-14T19:26:32.436723 #13104] DEBUG -- : MONGODB | rocklov-db:27017 req:20 | admin.endSessions | SUCCEEDED | 0.011s
D, [2022-05-14T19:26:32.453481 #13104] DEBUG -- : MONGODB | Server description for rocklov-db:27017 changed from 'standalone' to 'standalone'.
D, [2022-05-14T19:26:32.453778 #13104] DEBUG -- : MONGODB | There was a change in the members of the 'Single' topology.
D, [2022-05-14T19:26:32.454404 #13104] DEBUG -- : MONGODB | rocklov-db:27017 req:22 conn:1:2 sconn:51 | admin.endSessions | STARTED | {"endSessions"=>[{"id"=><BSON::Binary:0x51000 type=uuid data=0xfad628f965d4461e...>}], "$db"=>"admin"}
D, [2022-05-14T19:26:32.465972 #13104] DEBUG -- : MONGODB | rocklov-db:27017 req:22 | admin.endSessions | SUCCEEDED | 0.011s
D, [2022-05-14T19:26:32.483811 #13104] DEBUG -- : MONGODB | Server description for rocklov-db:27017 changed from 'standalone' to 'standalone'.
D, [2022-05-14T19:26:32.484061 #13104] DEBUG -- : MONGODB | There was a change in the members of the 'Single' topology.
D, [2022-05-14T19:26:32.484565 #13104] DEBUG -- : MONGODB | rocklov-db:27017 req:24 conn:1:2 sconn:52 | admin.endSessions | STARTED | {"endSessions"=>[{"id"=><BSON::Binary:0x50880 type=uuid data=0xe6121ff1e4094ef0...>}], "$db"=>"admin"}
D, [2022-05-14T19:26:32.495255 #13104] DEBUG -- : MONGODB | rocklov-db:27017 req:24 | admin.endSessions | SUCCEEDED | 0.010s
D, [2022-05-14T19:38:31.588886 #2184] DEBUG -- : MONGODB | Topology type 'unknown' initializing.
D, [2022-05-14T19:38:31.589536 #2184] DEBUG -- : MONGODB | There was a change in the members of the 'Unknown' topology.
D, [2022-05-14T19:38:31.589818 #2184] DEBUG -- : MONGODB | Server rocklov-db:27017 initializing.
D, [2022-05-14T19:38:31.590199 #2184] DEBUG -- : MONGODB | Waiting for up to 30.00 seconds for servers to be scanned: #<Cluster topology=Unknown[rocklov-db:27017] servers=[#<Server address=rocklov-db:27017 UNKNOWN>]>
D, [2022-05-14T19:38:31.604923 #2184] DEBUG -- : MONGODB | Server description for rocklov-db:27017 changed from 'unknown' to 'standalone'.
D, [2022-05-14T19:38:31.605247 #2184] DEBUG -- : MONGODB | Topology type 'Unknown' changed to type 'Single'.
D, [2022-05-14T19:38:31.619584 #2184] DEBUG -- : MONGODB | Server description for rocklov-db:27017 changed from 'standalone' to 'standalone'.
D, [2022-05-14T19:38:31.619918 #2184] DEBUG -- : MONGODB | There was a change in the members of the 'Single' topology.
D, [2022-05-14T19:38:31.620830 #2184] DEBUG -- : MONGODB | rocklov-db:27017 req:7 conn:1:1 sconn:54 | rocklov.delete | STARTED | {"delete"=>"users", "ordered"=>true, "deletes"=>[{"q"=>{"email"=>"massa.teste@email.com"}, "limit"=>0}], "$db"=>"rocklov", "lsid"=>{"id"=><BSON::Binary:0x50880 type=uuid data=0x3904149140844e94...>}}
D, [2022-05-14T19:38:31.633383 #2184] DEBUG -- : MONGODB | rocklov-db:27017 req:7 | rocklov.delete | SUCCEEDED | 0.012s
D, [2022-05-14T19:38:32.726252 #2184] DEBUG -- : MONGODB | Topology type 'unknown' initializing.
D, [2022-05-14T19:38:32.727488 #2184] DEBUG -- : MONGODB | There was a change in the members of the 'Unknown' topology.
D, [2022-05-14T19:38:32.728230 #2184] DEBUG -- : MONGODB | Server rocklov-db:27017 initializing.
D, [2022-05-14T19:38:32.729337 #2184] DEBUG -- : MONGODB | Waiting for up to 30.00 seconds for servers to be scanned: #<Cluster topology=Unknown[rocklov-db:27017] servers=[#<Server address=rocklov-db:27017 UNKNOWN>]>
D, [2022-05-14T19:38:32.748559 #2184] DEBUG -- : MONGODB | Server description for rocklov-db:27017 changed from 'unknown' to 'standalone'.
D, [2022-05-14T19:38:32.749239 #2184] DEBUG -- : MONGODB | Topology type 'Unknown' changed to type 'Single'.
D, [2022-05-14T19:38:32.765147 #2184] DEBUG -- : MONGODB | Server description for rocklov-db:27017 changed from 'standalone' to 'standalone'.
D, [2022-05-14T19:38:32.765464 #2184] DEBUG -- : MONGODB | There was a change in the members of the 'Single' topology.
D, [2022-05-14T19:38:32.766226 #2184] DEBUG -- : MONGODB | rocklov-db:27017 req:10 conn:1:1 sconn:57 | rocklov.delete | STARTED | {"delete"=>"users", "ordered"=>true, "deletes"=>[{"q"=>{"email"=>"massa.teste@email.com"}, "limit"=>0}], "$db"=>"rocklov", "lsid"=>{"id"=><BSON::Binary:0x51000 type=uuid data=0x71785ff29ddd48d1...>}}
D, [2022-05-14T19:38:32.778077 #2184] DEBUG -- : MONGODB | rocklov-db:27017 req:10 | rocklov.delete | SUCCEEDED | 0.012s
D, [2022-05-14T19:38:33.800064 #2184] DEBUG -- : MONGODB | Topology type 'unknown' initializing.
D, [2022-05-14T19:38:33.801233 #2184] DEBUG -- : MONGODB | There was a change in the members of the 'Unknown' topology.
D, [2022-05-14T19:38:33.801918 #2184] DEBUG -- : MONGODB | Server rocklov-db:27017 initializing.
D, [2022-05-14T19:38:33.802809 #2184] DEBUG -- : MONGODB | Waiting for up to 30.00 seconds for servers to be scanned: #<Cluster topology=Unknown[rocklov-db:27017] servers=[#<Server address=rocklov-db:27017 UNKNOWN>]>
D, [2022-05-14T19:38:33.821051 #2184] DEBUG -- : MONGODB | Server description for rocklov-db:27017 changed from 'unknown' to 'standalone'.
D, [2022-05-14T19:38:33.821664 #2184] DEBUG -- : MONGODB | Topology type 'Unknown' changed to type 'Single'.
D, [2022-05-14T19:38:33.837304 #2184] DEBUG -- : MONGODB | Server description for rocklov-db:27017 changed from 'standalone' to 'standalone'.
D, [2022-05-14T19:38:33.837718 #2184] DEBUG -- : MONGODB | There was a change in the members of the 'Single' topology.
D, [2022-05-14T19:38:33.839429 #2184] DEBUG -- : MONGODB | rocklov-db:27017 req:13 conn:1:1 sconn:59 | rocklov.delete | STARTED | {"delete"=>"users", "ordered"=>true, "deletes"=>[{"q"=>{"email"=>""}, "limit"=>0}], "$db"=>"rocklov", "lsid"=>{"id"=><BSON::Binary:0x51540 type=uuid data=0xe1321565ab544369...>}}
D, [2022-05-14T19:38:33.851132 #2184] DEBUG -- : MONGODB | rocklov-db:27017 req:13 | rocklov.delete | SUCCEEDED | 0.011s
D, [2022-05-14T19:38:34.488212 #2184] DEBUG -- : MONGODB | Topology type 'unknown' initializing.
D, [2022-05-14T19:38:34.489124 #2184] DEBUG -- : MONGODB | There was a change in the members of the 'Unknown' topology.
D, [2022-05-14T19:38:34.489645 #2184] DEBUG -- : MONGODB | Server rocklov-db:27017 initializing.
D, [2022-05-14T19:38:34.490728 #2184] DEBUG -- : MONGODB | Waiting for up to 30.00 seconds for servers to be scanned: #<Cluster topology=Unknown[rocklov-db:27017] servers=[#<Server address=rocklov-db:27017 UNKNOWN>]>
D, [2022-05-14T19:38:34.508351 #2184] DEBUG -- : MONGODB | Server description for rocklov-db:27017 changed from 'unknown' to 'standalone'.
D, [2022-05-14T19:38:34.509020 #2184] DEBUG -- : MONGODB | Topology type 'Unknown' changed to type 'Single'.
D, [2022-05-14T19:38:34.525433 #2184] DEBUG -- : MONGODB | Server description for rocklov-db:27017 changed from 'standalone' to 'standalone'.
D, [2022-05-14T19:38:34.525789 #2184] DEBUG -- : MONGODB | There was a change in the members of the 'Single' topology.
D, [2022-05-14T19:38:34.526416 #2184] DEBUG -- : MONGODB | rocklov-db:27017 req:16 conn:1:1 sconn:61 | rocklov.delete | STARTED | {"delete"=>"users", "ordered"=>true, "deletes"=>[{"q"=>{"email"=>"massa teste.com"}, "limit"=>0}], "$db"=>"rocklov", "lsid"=>{"id"=><BSON::Binary:0x51660 type=uuid data=0x4cad750fc5e14482...>}}
D, [2022-05-14T19:38:34.537960 #2184] DEBUG -- : MONGODB | rocklov-db:27017 req:16 | rocklov.delete | SUCCEEDED | 0.011s
D, [2022-05-14T19:38:35.461009 #2184] DEBUG -- : MONGODB | Topology type 'unknown' initializing.
D, [2022-05-14T19:38:35.461910 #2184] DEBUG -- : MONGODB | There was a change in the members of the 'Unknown' topology.
D, [2022-05-14T19:38:35.462557 #2184] DEBUG -- : MONGODB | Server rocklov-db:27017 initializing.
D, [2022-05-14T19:38:35.463605 #2184] DEBUG -- : MONGODB | Waiting for up to 30.00 seconds for servers to be scanned: #<Cluster topology=Unknown[rocklov-db:27017] servers=[#<Server address=rocklov-db:27017 UNKNOWN>]>
D, [2022-05-14T19:38:35.480437 #2184] DEBUG -- : MONGODB | Server description for rocklov-db:27017 changed from 'unknown' to 'standalone'.
D, [2022-05-14T19:38:35.480998 #2184] DEBUG -- : MONGODB | Topology type 'Unknown' changed to type 'Single'.
D, [2022-05-14T19:38:35.496821 #2184] DEBUG -- : MONGODB | Server description for rocklov-db:27017 changed from 'standalone' to 'standalone'.
D, [2022-05-14T19:38:35.497106 #2184] DEBUG -- : MONGODB | There was a change in the members of the 'Single' topology.
D, [2022-05-14T19:38:35.497949 #2184] DEBUG -- : MONGODB | rocklov-db:27017 req:19 conn:1:1 sconn:63 | rocklov.delete | STARTED | {"delete"=>"users", "ordered"=>true, "deletes"=>[{"q"=>{"email"=>"massa.teste.com"}, "limit"=>0}], "$db"=>"rocklov", "lsid"=>{"id"=><BSON::Binary:0x51780 type=uuid data=0xa40e4e4e85ce4097...>}}
D, [2022-05-14T19:38:35.509483 #2184] DEBUG -- : MONGODB | rocklov-db:27017 req:19 | rocklov.delete | SUCCEEDED | 0.011s
D, [2022-05-14T19:38:36.740639 #2184] DEBUG -- : MONGODB | Topology type 'unknown' initializing.
D, [2022-05-14T19:38:36.741687 #2184] DEBUG -- : MONGODB | There was a change in the members of the 'Unknown' topology.
D, [2022-05-14T19:38:36.742344 #2184] DEBUG -- : MONGODB | Server rocklov-db:27017 initializing.
D, [2022-05-14T19:38:36.742992 #2184] DEBUG -- : MONGODB | Waiting for up to 30.00 seconds for servers to be scanned: #<Cluster topology=Unknown[rocklov-db:27017] servers=[#<Server address=rocklov-db:27017 UNKNOWN>]>
D, [2022-05-14T19:38:36.761654 #2184] DEBUG -- : MONGODB | Server description for rocklov-db:27017 changed from 'unknown' to 'standalone'.
D, [2022-05-14T19:38:36.762333 #2184] DEBUG -- : MONGODB | Topology type 'Unknown' changed to type 'Single'.
D, [2022-05-14T19:38:36.778462 #2184] DEBUG -- : MONGODB | Server description for rocklov-db:27017 changed from 'standalone' to 'standalone'.
D, [2022-05-14T19:38:36.779413 #2184] DEBUG -- : MONGODB | There was a change in the members of the 'Single' topology.
D, [2022-05-14T19:38:36.781456 #2184] DEBUG -- : MONGODB | rocklov-db:27017 req:22 conn:1:1 sconn:65 | rocklov.delete | STARTED | {"delete"=>"users", "ordered"=>true, "deletes"=>[{"q"=>{"email"=>"massa.teste@email"}, "limit"=>0}], "$db"=>"rocklov", "lsid"=>{"id"=><BSON::Binary:0x51900 type=uuid data=0xbd26e4034ecf4ec7...>}}
D, [2022-05-14T19:38:36.793683 #2184] DEBUG -- : MONGODB | rocklov-db:27017 req:22 | rocklov.delete | SUCCEEDED | 0.012s
D, [2022-05-14T19:38:37.456454 #2184] DEBUG -- : MONGODB | Topology type 'unknown' initializing.
D, [2022-05-14T19:38:37.457204 #2184] DEBUG -- : MONGODB | There was a change in the members of the 'Unknown' topology.
D, [2022-05-14T19:38:37.457638 #2184] DEBUG -- : MONGODB | Server rocklov-db:27017 initializing.
D, [2022-05-14T19:38:37.458044 #2184] DEBUG -- : MONGODB | Waiting for up to 30.00 seconds for servers to be scanned: #<Cluster topology=Unknown[rocklov-db:27017] servers=[#<Server address=rocklov-db:27017 UNKNOWN>]>
D, [2022-05-14T19:38:37.475832 #2184] DEBUG -- : MONGODB | Server description for rocklov-db:27017 changed from 'unknown' to 'standalone'.
D, [2022-05-14T19:38:37.476310 #2184] DEBUG -- : MONGODB | Topology type 'Unknown' changed to type 'Single'.
D, [2022-05-14T19:38:37.491256 #2184] DEBUG -- : MONGODB | Server description for rocklov-db:27017 changed from 'standalone' to 'standalone'.
D, [2022-05-14T19:38:37.491539 #2184] DEBUG -- : MONGODB | There was a change in the members of the 'Single' topology.
D, [2022-05-14T19:38:37.492208 #2184] DEBUG -- : MONGODB | rocklov-db:27017 req:25 conn:1:1 sconn:67 | rocklov.delete | STARTED | {"delete"=>"users", "ordered"=>true, "deletes"=>[{"q"=>{"email"=>"massa.teste@email.com"}, "limit"=>0}], "$db"=>"rocklov", "lsid"=>{"id"=><BSON::Binary:0x52020 type=uuid data=0xe1485935fed942ee...>}}
D, [2022-05-14T19:38:37.503820 #2184] DEBUG -- : MONGODB | rocklov-db:27017 req:25 | rocklov.delete | SUCCEEDED | 0.011s
D, [2022-05-14T19:38:38.609197 #2184] DEBUG -- : MONGODB | Server description for rocklov-db:27017 changed from 'standalone' to 'standalone'.
D, [2022-05-14T19:38:38.609449 #2184] DEBUG -- : MONGODB | There was a change in the members of the 'Single' topology.
D, [2022-05-14T19:38:38.610007 #2184] DEBUG -- : MONGODB | rocklov-db:27017 req:27 conn:1:2 sconn:68 | admin.endSessions | STARTED | {"endSessions"=>[{"id"=><BSON::Binary:0x52020 type=uuid data=0xe1485935fed942ee...>}], "$db"=>"admin"}
D, [2022-05-14T19:38:38.620772 #2184] DEBUG -- : MONGODB | rocklov-db:27017 req:27 | admin.endSessions | SUCCEEDED | 0.011s
D, [2022-05-14T19:38:38.637650 #2184] DEBUG -- : MONGODB | Server description for rocklov-db:27017 changed from 'standalone' to 'standalone'.
D, [2022-05-14T19:38:38.637961 #2184] DEBUG -- : MONGODB | There was a change in the members of the 'Single' topology.
D, [2022-05-14T19:38:38.638687 #2184] DEBUG -- : MONGODB | rocklov-db:27017 req:29 conn:1:2 sconn:69 | admin.endSessions | STARTED | {"endSessions"=>[{"id"=><BSON::Binary:0x51900 type=uuid data=0xbd26e4034ecf4ec7...>}], "$db"=>"admin"}
D, [2022-05-14T19:38:38.650114 #2184] DEBUG -- : MONGODB | rocklov-db:27017 req:29 | admin.endSessions | SUCCEEDED | 0.011s
D, [2022-05-14T19:38:38.669706 #2184] DEBUG -- : MONGODB | Server description for rocklov-db:27017 changed from 'standalone' to 'standalone'.
D, [2022-05-14T19:38:38.669994 #2184] DEBUG -- : MONGODB | There was a change in the members of the 'Single' topology.
D, [2022-05-14T19:38:38.670540 #2184] DEBUG -- : MONGODB | rocklov-db:27017 req:31 conn:1:2 sconn:70 | admin.endSessions | STARTED | {"endSessions"=>[{"id"=><BSON::Binary:0x51780 type=uuid data=0xa40e4e4e85ce4097...>}], "$db"=>"admin"}
D, [2022-05-14T19:38:38.681236 #2184] DEBUG -- : MONGODB | rocklov-db:27017 req:31 | admin.endSessions | SUCCEEDED | 0.010s
D, [2022-05-14T19:38:38.698980 #2184] DEBUG -- : MONGODB | Server description for rocklov-db:27017 changed from 'standalone' to 'standalone'.
D, [2022-05-14T19:38:38.699255 #2184] DEBUG -- : MONGODB | There was a change in the members of the 'Single' topology.
D, [2022-05-14T19:38:38.699766 #2184] DEBUG -- : MONGODB | rocklov-db:27017 req:33 conn:1:2 sconn:71 | admin.endSessions | STARTED | {"endSessions"=>[{"id"=><BSON::Binary:0x51660 type=uuid data=0x4cad750fc5e14482...>}], "$db"=>"admin"}
D, [2022-05-14T19:38:38.710724 #2184] DEBUG -- : MONGODB | rocklov-db:27017 req:33 | admin.endSessions | SUCCEEDED | 0.011s
D, [2022-05-14T19:38:38.727217 #2184] DEBUG -- : MONGODB | Server description for rocklov-db:27017 changed from 'standalone' to 'standalone'.
D, [2022-05-14T19:38:38.727427 #2184] DEBUG -- : MONGODB | There was a change in the members of the 'Single' topology.
D, [2022-05-14T19:38:38.727895 #2184] DEBUG -- : MONGODB | rocklov-db:27017 req:35 conn:1:2 sconn:72 | admin.endSessions | STARTED | {"endSessions"=>[{"id"=><BSON::Binary:0x51540 type=uuid data=0xe1321565ab544369...>}], "$db"=>"admin"}
D, [2022-05-14T19:38:38.739988 #2184] DEBUG -- : MONGODB | rocklov-db:27017 req:35 | admin.endSessions | SUCCEEDED | 0.012s
D, [2022-05-14T19:38:38.757564 #2184] DEBUG -- : MONGODB | Server description for rocklov-db:27017 changed from 'standalone' to 'standalone'.
D, [2022-05-14T19:38:38.757844 #2184] DEBUG -- : MONGODB | There was a change in the members of the 'Single' topology.
D, [2022-05-14T19:38:38.758400 #2184] DEBUG -- : MONGODB | rocklov-db:27017 req:37 conn:1:2 sconn:73 | admin.endSessions | STARTED | {"endSessions"=>[{"id"=><BSON::Binary:0x51000 type=uuid data=0x71785ff29ddd48d1...>}], "$db"=>"admin"}
D, [2022-05-14T19:38:38.769002 #2184] DEBUG -- : MONGODB | rocklov-db:27017 req:37 | admin.endSessions | SUCCEEDED | 0.010s
D, [2022-05-14T19:38:38.786683 #2184] DEBUG -- : MONGODB | Server description for rocklov-db:27017 changed from 'standalone' to 'standalone'.
D, [2022-05-14T19:38:38.786872 #2184] DEBUG -- : MONGODB | There was a change in the members of the 'Single' topology.
D, [2022-05-14T19:38:38.787317 #2184] DEBUG -- : MONGODB | rocklov-db:27017 req:39 conn:1:2 sconn:74 | admin.endSessions | STARTED | {"endSessions"=>[{"id"=><BSON::Binary:0x50880 type=uuid data=0x3904149140844e94...>}], "$db"=>"admin"}
D, [2022-05-14T19:38:38.798366 #2184] DEBUG -- : MONGODB | rocklov-db:27017 req:39 | admin.endSessions | SUCCEEDED | 0.011s
D, [2022-05-15T11:48:24.582133 #1780] DEBUG -- : MONGODB | Topology type 'unknown' initializing.
D, [2022-05-15T11:48:24.582932 #1780] DEBUG -- : MONGODB | There was a change in the members of the 'Unknown' topology.
D, [2022-05-15T11:48:24.583223 #1780] DEBUG -- : MONGODB | Server rocklov-db:27017 initializing.
D, [2022-05-15T11:48:24.583580 #1780] DEBUG -- : MONGODB | Waiting for up to 30.00 seconds for servers to be scanned: #<Cluster topology=Unknown[rocklov-db:27017] servers=[#<Server address=rocklov-db:27017 UNKNOWN>]>
D, [2022-05-15T11:48:24.599135 #1780] DEBUG -- : MONGODB | Server description for rocklov-db:27017 changed from 'unknown' to 'standalone'.
D, [2022-05-15T11:48:24.599506 #1780] DEBUG -- : MONGODB | Topology type 'Unknown' changed to type 'Single'.
D, [2022-05-15T11:48:24.618530 #1780] DEBUG -- : MONGODB | Server description for rocklov-db:27017 changed from 'standalone' to 'standalone'.
D, [2022-05-15T11:48:24.619440 #1780] DEBUG -- : MONGODB | There was a change in the members of the 'Single' topology.
D, [2022-05-15T11:48:24.621691 #1780] DEBUG -- : MONGODB | rocklov-db:27017 req:7 conn:1:1 sconn:81 | rocklov.delete | STARTED | {"delete"=>"users", "ordered"=>true, "deletes"=>[{"q"=>{"email"=>"massa.teste@email.com"}, "limit"=>0}], "$db"=>"rocklov", "lsid"=>{"id"=><BSON::Binary:0x50880 type=uuid data=0x687d2c5d5899468b...>}}
D, [2022-05-15T11:48:24.633801 #1780] DEBUG -- : MONGODB | rocklov-db:27017 req:7 | rocklov.delete | SUCCEEDED | 0.011s
D, [2022-05-15T11:48:25.390517 #1780] DEBUG -- : MONGODB | Topology type 'unknown' initializing.
D, [2022-05-15T11:48:25.390917 #1780] DEBUG -- : MONGODB | There was a change in the members of the 'Unknown' topology.
D, [2022-05-15T11:48:25.391157 #1780] DEBUG -- : MONGODB | Server rocklov-db:27017 initializing.
D, [2022-05-15T11:48:25.391387 #1780] DEBUG -- : MONGODB | Waiting for up to 30.00 seconds for servers to be scanned: #<Cluster topology=Unknown[rocklov-db:27017] servers=[#<Server address=rocklov-db:27017 UNKNOWN>]>
D, [2022-05-15T11:48:25.416265 #1780] DEBUG -- : MONGODB | Server description for rocklov-db:27017 changed from 'unknown' to 'standalone'.
D, [2022-05-15T11:48:25.420393 #1780] DEBUG -- : MONGODB | Topology type 'Unknown' changed to type 'Single'.
D, [2022-05-15T11:48:25.434098 #1780] DEBUG -- : MONGODB | Server description for rocklov-db:27017 changed from 'standalone' to 'standalone'.
D, [2022-05-15T11:48:25.434402 #1780] DEBUG -- : MONGODB | There was a change in the members of the 'Single' topology.
D, [2022-05-15T11:48:25.435052 #1780] DEBUG -- : MONGODB | rocklov-db:27017 req:10 conn:1:1 sconn:83 | rocklov.delete | STARTED | {"delete"=>"users", "ordered"=>true, "deletes"=>[{"q"=>{"email"=>"massa.teste@email.com"}, "limit"=>0}], "$db"=>"rocklov", "lsid"=>{"id"=><BSON::Binary:0x51000 type=uuid data=0xa886ebcd1ac54bf2...>}}
D, [2022-05-15T11:48:25.445753 #1780] DEBUG -- : MONGODB | rocklov-db:27017 req:10 | rocklov.delete | SUCCEEDED | 0.011s
D, [2022-05-15T11:48:27.372162 #1780] DEBUG -- : MONGODB | Topology type 'unknown' initializing.
D, [2022-05-15T11:48:27.372920 #1780] DEBUG -- : MONGODB | There was a change in the members of the 'Unknown' topology.
D, [2022-05-15T11:48:27.373416 #1780] DEBUG -- : MONGODB | Server rocklov-db:27017 initializing.
D, [2022-05-15T11:48:27.373949 #1780] DEBUG -- : MONGODB | Waiting for up to 30.00 seconds for servers to be scanned: #<Cluster topology=Unknown[rocklov-db:27017] servers=[#<Server address=rocklov-db:27017 UNKNOWN>]>
D, [2022-05-15T11:48:27.391357 #1780] DEBUG -- : MONGODB | Server description for rocklov-db:27017 changed from 'unknown' to 'standalone'.
D, [2022-05-15T11:48:27.391719 #1780] DEBUG -- : MONGODB | Topology type 'Unknown' changed to type 'Single'.
D, [2022-05-15T11:48:27.406891 #1780] DEBUG -- : MONGODB | Server description for rocklov-db:27017 changed from 'standalone' to 'standalone'.
D, [2022-05-15T11:48:27.407221 #1780] DEBUG -- : MONGODB | There was a change in the members of the 'Single' topology.
D, [2022-05-15T11:48:27.407935 #1780] DEBUG -- : MONGODB | rocklov-db:27017 req:13 conn:1:1 sconn:85 | rocklov.delete | STARTED | {"delete"=>"users", "ordered"=>true, "deletes"=>[{"q"=>{"email"=>""}, "limit"=>0}], "$db"=>"rocklov", "lsid"=>{"id"=><BSON::Binary:0x51540 type=uuid data=0xae49b034fbce485f...>}}
D, [2022-05-15T11:48:27.419437 #1780] DEBUG -- : MONGODB | rocklov-db:27017 req:13 | rocklov.delete | SUCCEEDED | 0.011s
D, [2022-05-15T11:48:28.694223 #1780] DEBUG -- : MONGODB | Topology type 'unknown' initializing.
D, [2022-05-15T11:48:28.694766 #1780] DEBUG -- : MONGODB | There was a change in the members of the 'Unknown' topology.
D, [2022-05-15T11:48:28.695135 #1780] DEBUG -- : MONGODB | Server rocklov-db:27017 initializing.
D, [2022-05-15T11:48:28.695579 #1780] DEBUG -- : MONGODB | Waiting for up to 30.00 seconds for servers to be scanned: #<Cluster topology=Unknown[rocklov-db:27017] servers=[#<Server address=rocklov-db:27017 UNKNOWN>]>
D, [2022-05-15T11:48:28.712162 #1780] DEBUG -- : MONGODB | Server description for rocklov-db:27017 changed from 'unknown' to 'standalone'.
D, [2022-05-15T11:48:28.713597 #1780] DEBUG -- : MONGODB | Topology type 'Unknown' changed to type 'Single'.
D, [2022-05-15T11:48:28.728478 #1780] DEBUG -- : MONGODB | Server description for rocklov-db:27017 changed from 'standalone' to 'standalone'.
D, [2022-05-15T11:48:28.728817 #1780] DEBUG -- : MONGODB | There was a change in the members of the 'Single' topology.
D, [2022-05-15T11:48:28.730244 #1780] DEBUG -- : MONGODB | rocklov-db:27017 req:16 conn:1:1 sconn:87 | rocklov.delete | STARTED | {"delete"=>"users", "ordered"=>true, "deletes"=>[{"q"=>{"email"=>"massa teste.com"}, "limit"=>0}], "$db"=>"rocklov", "lsid"=>{"id"=><BSON::Binary:0x51660 type=uuid data=0xb82a14f9e6804426...>}}
D, [2022-05-15T11:48:28.742164 #1780] DEBUG -- : MONGODB | rocklov-db:27017 req:16 | rocklov.delete | SUCCEEDED | 0.011s
D, [2022-05-15T11:48:29.431994 #1780] DEBUG -- : MONGODB | Topology type 'unknown' initializing.
D, [2022-05-15T11:48:29.432542 #1780] DEBUG -- : MONGODB | There was a change in the members of the 'Unknown' topology.
D, [2022-05-15T11:48:29.432987 #1780] DEBUG -- : MONGODB | Server rocklov-db:27017 initializing.
D, [2022-05-15T11:48:29.433422 #1780] DEBUG -- : MONGODB | Waiting for up to 30.00 seconds for servers to be scanned: #<Cluster topology=Unknown[rocklov-db:27017] servers=[#<Server address=rocklov-db:27017 UNKNOWN>]>
D, [2022-05-15T11:48:29.450057 #1780] DEBUG -- : MONGODB | Server description for rocklov-db:27017 changed from 'unknown' to 'standalone'.
D, [2022-05-15T11:48:29.450727 #1780] DEBUG -- : MONGODB | Topology type 'Unknown' changed to type 'Single'.
D, [2022-05-15T11:48:29.465687 #1780] DEBUG -- : MONGODB | Server description for rocklov-db:27017 changed from 'standalone' to 'standalone'.
D, [2022-05-15T11:48:29.466014 #1780] DEBUG -- : MONGODB | There was a change in the members of the 'Single' topology.
D, [2022-05-15T11:48:29.466665 #1780] DEBUG -- : MONGODB | rocklov-db:27017 req:19 conn:1:1 sconn:89 | rocklov.delete | STARTED | {"delete"=>"users", "ordered"=>true, "deletes"=>[{"q"=>{"email"=>"massa.teste.com"}, "limit"=>0}], "$db"=>"rocklov", "lsid"=>{"id"=><BSON::Binary:0x51780 type=uuid data=0x026c94c5fa014e97...>}}
D, [2022-05-15T11:48:29.478146 #1780] DEBUG -- : MONGODB | rocklov-db:27017 req:19 | rocklov.delete | SUCCEEDED | 0.011s
D, [2022-05-15T11:48:30.415418 #1780] DEBUG -- : MONGODB | Topology type 'unknown' initializing.
D, [2022-05-15T11:48:30.415869 #1780] DEBUG -- : MONGODB | There was a change in the members of the 'Unknown' topology.
D, [2022-05-15T11:48:30.416184 #1780] DEBUG -- : MONGODB | Server rocklov-db:27017 initializing.
D, [2022-05-15T11:48:30.416489 #1780] DEBUG -- : MONGODB | Waiting for up to 30.00 seconds for servers to be scanned: #<Cluster topology=Unknown[rocklov-db:27017] servers=[#<Server address=rocklov-db:27017 UNKNOWN>]>
D, [2022-05-15T11:48:30.433266 #1780] DEBUG -- : MONGODB | Server description for rocklov-db:27017 changed from 'unknown' to 'standalone'.
D, [2022-05-15T11:48:30.433777 #1780] DEBUG -- : MONGODB | Topology type 'Unknown' changed to type 'Single'.
D, [2022-05-15T11:48:30.448703 #1780] DEBUG -- : MONGODB | Server description for rocklov-db:27017 changed from 'standalone' to 'standalone'.
D, [2022-05-15T11:48:30.448983 #1780] DEBUG -- : MONGODB | There was a change in the members of the 'Single' topology.
D, [2022-05-15T11:48:30.449656 #1780] DEBUG -- : MONGODB | rocklov-db:27017 req:22 conn:1:1 sconn:91 | rocklov.delete | STARTED | {"delete"=>"users", "ordered"=>true, "deletes"=>[{"q"=>{"email"=>"massa.teste@email"}, "limit"=>0}], "$db"=>"rocklov", "lsid"=>{"id"=><BSON::Binary:0x51900 type=uuid data=0x8e3180cda43e4525...>}}
D, [2022-05-15T11:48:30.461287 #1780] DEBUG -- : MONGODB | rocklov-db:27017 req:22 | rocklov.delete | SUCCEEDED | 0.011s
D, [2022-05-15T11:48:31.816717 #1780] DEBUG -- : MONGODB | Topology type 'unknown' initializing.
D, [2022-05-15T11:48:31.817219 #1780] DEBUG -- : MONGODB | There was a change in the members of the 'Unknown' topology.
D, [2022-05-15T11:48:31.817499 #1780] DEBUG -- : MONGODB | Server rocklov-db:27017 initializing.
D, [2022-05-15T11:48:31.817846 #1780] DEBUG -- : MONGODB | Waiting for up to 30.00 seconds for servers to be scanned: #<Cluster topology=Unknown[rocklov-db:27017] servers=[#<Server address=rocklov-db:27017 UNKNOWN>]>
D, [2022-05-15T11:48:31.837328 #1780] DEBUG -- : MONGODB | Server description for rocklov-db:27017 changed from 'unknown' to 'standalone'.
D, [2022-05-15T11:48:31.837921 #1780] DEBUG -- : MONGODB | Topology type 'Unknown' changed to type 'Single'.
D, [2022-05-15T11:48:31.852492 #1780] DEBUG -- : MONGODB | Server description for rocklov-db:27017 changed from 'standalone' to 'standalone'.
D, [2022-05-15T11:48:31.853021 #1780] DEBUG -- : MONGODB | There was a change in the members of the 'Single' topology.
D, [2022-05-15T11:48:31.853798 #1780] DEBUG -- : MONGODB | rocklov-db:27017 req:25 conn:1:1 sconn:93 | rocklov.delete | STARTED | {"delete"=>"users", "ordered"=>true, "deletes"=>[{"q"=>{"email"=>"massa.teste@email.com"}, "limit"=>0}], "$db"=>"rocklov", "lsid"=>{"id"=><BSON::Binary:0x52020 type=uuid data=0x28e02fa368a94025...>}}
D, [2022-05-15T11:48:31.865906 #1780] DEBUG -- : MONGODB | rocklov-db:27017 req:25 | rocklov.delete | SUCCEEDED | 0.012s
D, [2022-05-15T11:48:34.611742 #1780] DEBUG -- : MONGODB | Server description for rocklov-db:27017 changed from 'standalone' to 'standalone'.
D, [2022-05-15T11:48:34.612025 #1780] DEBUG -- : MONGODB | There was a change in the members of the 'Single' topology.
D, [2022-05-15T11:48:35.431633 #1780] DEBUG -- : MONGODB | Server description for rocklov-db:27017 changed from 'standalone' to 'standalone'.
D, [2022-05-15T11:48:35.431993 #1780] DEBUG -- : MONGODB | There was a change in the members of the 'Single' topology.
D, [2022-05-15T11:48:37.404733 #1780] DEBUG -- : MONGODB | Server description for rocklov-db:27017 changed from 'standalone' to 'standalone'.
D, [2022-05-15T11:48:37.405197 #1780] DEBUG -- : MONGODB | There was a change in the members of the 'Single' topology.
D, [2022-05-15T11:48:38.728485 #1780] DEBUG -- : MONGODB | Server description for rocklov-db:27017 changed from 'standalone' to 'standalone'.
D, [2022-05-15T11:48:38.731618 #1780] DEBUG -- : MONGODB | There was a change in the members of the 'Single' topology.
D, [2022-05-15T11:48:39.342451 #1780] DEBUG -- : MONGODB | Server description for rocklov-db:27017 changed from 'standalone' to 'standalone'.
D, [2022-05-15T11:48:39.342643 #1780] DEBUG -- : MONGODB | There was a change in the members of the 'Single' topology.
D, [2022-05-15T11:48:39.343169 #1780] DEBUG -- : MONGODB | rocklov-db:27017 req:27 conn:1:2 sconn:94 | admin.endSessions | STARTED | {"endSessions"=>[{"id"=><BSON::Binary:0x52020 type=uuid data=0x28e02fa368a94025...>}], "$db"=>"admin"}
D, [2022-05-15T11:48:39.354051 #1780] DEBUG -- : MONGODB | rocklov-db:27017 req:27 | admin.endSessions | SUCCEEDED | 0.011s
D, [2022-05-15T11:48:39.372666 #1780] DEBUG -- : MONGODB | Server description for rocklov-db:27017 changed from 'standalone' to 'standalone'.
D, [2022-05-15T11:48:39.372902 #1780] DEBUG -- : MONGODB | There was a change in the members of the 'Single' topology.
D, [2022-05-15T11:48:39.373358 #1780] DEBUG -- : MONGODB | rocklov-db:27017 req:29 conn:1:2 sconn:95 | admin.endSessions | STARTED | {"endSessions"=>[{"id"=><BSON::Binary:0x51900 type=uuid data=0x8e3180cda43e4525...>}], "$db"=>"admin"}
D, [2022-05-15T11:48:39.384403 #1780] DEBUG -- : MONGODB | rocklov-db:27017 req:29 | admin.endSessions | SUCCEEDED | 0.011s
D, [2022-05-15T11:48:39.400962 #1780] DEBUG -- : MONGODB | Server description for rocklov-db:27017 changed from 'standalone' to 'standalone'.
D, [2022-05-15T11:48:39.401150 #1780] DEBUG -- : MONGODB | There was a change in the members of the 'Single' topology.
D, [2022-05-15T11:48:39.401637 #1780] DEBUG -- : MONGODB | rocklov-db:27017 req:31 conn:1:2 sconn:96 | admin.endSessions | STARTED | {"endSessions"=>[{"id"=><BSON::Binary:0x51780 type=uuid data=0x026c94c5fa014e97...>}], "$db"=>"admin"}
D, [2022-05-15T11:48:39.412705 #1780] DEBUG -- : MONGODB | rocklov-db:27017 req:31 | admin.endSessions | SUCCEEDED | 0.011s
D, [2022-05-15T11:48:39.430259 #1780] DEBUG -- : MONGODB | Server description for rocklov-db:27017 changed from 'standalone' to 'standalone'.
D, [2022-05-15T11:48:39.430450 #1780] DEBUG -- : MONGODB | There was a change in the members of the 'Single' topology.
D, [2022-05-15T11:48:39.430925 #1780] DEBUG -- : MONGODB | rocklov-db:27017 req:33 conn:1:2 sconn:97 | admin.endSessions | STARTED | {"endSessions"=>[{"id"=><BSON::Binary:0x51660 type=uuid data=0xb82a14f9e6804426...>}], "$db"=>"admin"}
D, [2022-05-15T11:48:39.442110 #1780] DEBUG -- : MONGODB | rocklov-db:27017 req:33 | admin.endSessions | SUCCEEDED | 0.011s
D, [2022-05-15T11:48:39.460795 #1780] DEBUG -- : MONGODB | Server description for rocklov-db:27017 changed from 'standalone' to 'standalone'.
D, [2022-05-15T11:48:39.461188 #1780] DEBUG -- : MONGODB | There was a change in the members of the 'Single' topology.
D, [2022-05-15T11:48:39.461769 #1780] DEBUG -- : MONGODB | rocklov-db:27017 req:35 conn:1:2 sconn:98 | admin.endSessions | STARTED | {"endSessions"=>[{"id"=><BSON::Binary:0x51540 type=uuid data=0xae49b034fbce485f...>}], "$db"=>"admin"}
D, [2022-05-15T11:48:39.472637 #1780] DEBUG -- : MONGODB | rocklov-db:27017 req:35 | admin.endSessions | SUCCEEDED | 0.011s
D, [2022-05-15T11:48:39.490312 #1780] DEBUG -- : MONGODB | Server description for rocklov-db:27017 changed from 'standalone' to 'standalone'.
D, [2022-05-15T11:48:39.490595 #1780] DEBUG -- : MONGODB | There was a change in the members of the 'Single' topology.
D, [2022-05-15T11:48:39.491176 #1780] DEBUG -- : MONGODB | rocklov-db:27017 req:37 conn:1:2 sconn:99 | admin.endSessions | STARTED | {"endSessions"=>[{"id"=><BSON::Binary:0x51000 type=uuid data=0xa886ebcd1ac54bf2...>}], "$db"=>"admin"}
D, [2022-05-15T11:48:39.502065 #1780] DEBUG -- : MONGODB | rocklov-db:27017 req:37 | admin.endSessions | SUCCEEDED | 0.011s
D, [2022-05-15T11:48:39.525130 #1780] DEBUG -- : MONGODB | Server description for rocklov-db:27017 changed from 'standalone' to 'standalone'.
D, [2022-05-15T11:48:39.525653 #1780] DEBUG -- : MONGODB | There was a change in the members of the 'Single' topology.
D, [2022-05-15T11:48:39.526713 #1780] DEBUG -- : MONGODB | rocklov-db:27017 req:39 conn:1:2 sconn:100 | admin.endSessions | STARTED | {"endSessions"=>[{"id"=><BSON::Binary:0x50880 type=uuid data=0x687d2c5d5899468b...>}], "$db"=>"admin"}
D, [2022-05-15T11:48:39.538187 #1780] DEBUG -- : MONGODB | rocklov-db:27017 req:39 | admin.endSessions | SUCCEEDED | 0.011s
D, [2022-05-15T11:53:15.380200 #22776] DEBUG -- : MONGODB | Topology type 'unknown' initializing.
D, [2022-05-15T11:53:15.380858 #22776] DEBUG -- : MONGODB | There was a change in the members of the 'Unknown' topology.
D, [2022-05-15T11:53:15.381163 #22776] DEBUG -- : MONGODB | Server rocklov-db:27017 initializing.
D, [2022-05-15T11:53:15.381537 #22776] DEBUG -- : MONGODB | Waiting for up to 30.00 seconds for servers to be scanned: #<Cluster topology=Unknown[rocklov-db:27017] servers=[#<Server address=rocklov-db:27017 UNKNOWN>]>
D, [2022-05-15T11:53:15.397310 #22776] DEBUG -- : MONGODB | Server description for rocklov-db:27017 changed from 'unknown' to 'standalone'.
D, [2022-05-15T11:53:15.397839 #22776] DEBUG -- : MONGODB | Topology type 'Unknown' changed to type 'Single'.
D, [2022-05-15T11:53:15.411691 #22776] DEBUG -- : MONGODB | Server description for rocklov-db:27017 changed from 'standalone' to 'standalone'.
D, [2022-05-15T11:53:15.412002 #22776] DEBUG -- : MONGODB | There was a change in the members of the 'Single' topology.
D, [2022-05-15T11:53:15.413020 #22776] DEBUG -- : MONGODB | rocklov-db:27017 req:7 conn:1:1 sconn:102 | rocklov.delete | STARTED | {"delete"=>"users", "ordered"=>true, "deletes"=>[{"q"=>{"email"=>"massa.teste@email.com"}, "limit"=>0}], "$db"=>"rocklov", "lsid"=>{"id"=><BSON::Binary:0x50880 type=uuid data=0xff04c37c89ec46f9...>}}
D, [2022-05-15T11:53:15.424970 #22776] DEBUG -- : MONGODB | rocklov-db:27017 req:7 | rocklov.delete | SUCCEEDED | 0.011s
D, [2022-05-15T11:53:16.553824 #22776] DEBUG -- : MONGODB | Topology type 'unknown' initializing.
D, [2022-05-15T11:53:16.554404 #22776] DEBUG -- : MONGODB | There was a change in the members of the 'Unknown' topology.
D, [2022-05-15T11:53:16.554820 #22776] DEBUG -- : MONGODB | Server rocklov-db:27017 initializing.
D, [2022-05-15T11:53:16.555261 #22776] DEBUG -- : MONGODB | Waiting for up to 30.00 seconds for servers to be scanned: #<Cluster topology=Unknown[rocklov-db:27017] servers=[#<Server address=rocklov-db:27017 UNKNOWN>]>
D, [2022-05-15T11:53:16.578903 #22776] DEBUG -- : MONGODB | Server description for rocklov-db:27017 changed from 'unknown' to 'standalone'.
D, [2022-05-15T11:53:16.579361 #22776] DEBUG -- : MONGODB | Topology type 'Unknown' changed to type 'Single'.
D, [2022-05-15T11:53:16.594945 #22776] DEBUG -- : MONGODB | Server description for rocklov-db:27017 changed from 'standalone' to 'standalone'.
D, [2022-05-15T11:53:16.595870 #22776] DEBUG -- : MONGODB | There was a change in the members of the 'Single' topology.
D, [2022-05-15T11:53:16.597451 #22776] DEBUG -- : MONGODB | rocklov-db:27017 req:10 conn:1:1 sconn:104 | rocklov.delete | STARTED | {"delete"=>"users", "ordered"=>true, "deletes"=>[{"q"=>{"email"=>"massa.teste@email.com"}, "limit"=>0}], "$db"=>"rocklov", "lsid"=>{"id"=><BSON::Binary:0x51000 type=uuid data=0x54922f2cba3c492a...>}}
D, [2022-05-15T11:53:16.609613 #22776] DEBUG -- : MONGODB | rocklov-db:27017 req:10 | rocklov.delete | SUCCEEDED | 0.011s
D, [2022-05-15T11:53:17.331491 #22776] DEBUG -- : MONGODB | Topology type 'unknown' initializing.
D, [2022-05-15T11:53:17.331941 #22776] DEBUG -- : MONGODB | There was a change in the members of the 'Unknown' topology.
D, [2022-05-15T11:53:17.332199 #22776] DEBUG -- : MONGODB | Server rocklov-db:27017 initializing.
D, [2022-05-15T11:53:17.332460 #22776] DEBUG -- : MONGODB | Waiting for up to 30.00 seconds for servers to be scanned: #<Cluster topology=Unknown[rocklov-db:27017] servers=[#<Server address=rocklov-db:27017 UNKNOWN>]>
D, [2022-05-15T11:53:17.351246 #22776] DEBUG -- : MONGODB | Server description for rocklov-db:27017 changed from 'unknown' to 'standalone'.
D, [2022-05-15T11:53:17.351940 #22776] DEBUG -- : MONGODB | Topology type 'Unknown' changed to type 'Single'.
D, [2022-05-15T11:53:17.366521 #22776] DEBUG -- : MONGODB | Server description for rocklov-db:27017 changed from 'standalone' to 'standalone'.
D, [2022-05-15T11:53:17.366843 #22776] DEBUG -- : MONGODB | There was a change in the members of the 'Single' topology.
D, [2022-05-15T11:53:17.368017 #22776] DEBUG -- : MONGODB | rocklov-db:27017 req:13 conn:1:1 sconn:106 | rocklov.delete | STARTED | {"delete"=>"users", "ordered"=>true, "deletes"=>[{"q"=>{"email"=>""}, "limit"=>0}], "$db"=>"rocklov", "lsid"=>{"id"=><BSON::Binary:0x51540 type=uuid data=0xbaae72df2e0d4571...>}}
D, [2022-05-15T11:53:17.378820 #22776] DEBUG -- : MONGODB | rocklov-db:27017 req:13 | rocklov.delete | SUCCEEDED | 0.010s
D, [2022-05-15T11:53:18.671979 #22776] DEBUG -- : MONGODB | Topology type 'unknown' initializing.
D, [2022-05-15T11:53:18.672425 #22776] DEBUG -- : MONGODB | There was a change in the members of the 'Unknown' topology.
D, [2022-05-15T11:53:18.672739 #22776] DEBUG -- : MONGODB | Server rocklov-db:27017 initializing.
D, [2022-05-15T11:53:18.672968 #22776] DEBUG -- : MONGODB | Waiting for up to 30.00 seconds for servers to be scanned: #<Cluster topology=Unknown[rocklov-db:27017] servers=[#<Server address=rocklov-db:27017 UNKNOWN>]>
D, [2022-05-15T11:53:18.689895 #22776] DEBUG -- : MONGODB | Server description for rocklov-db:27017 changed from 'unknown' to 'standalone'.
D, [2022-05-15T11:53:18.690768 #22776] DEBUG -- : MONGODB | Topology type 'Unknown' changed to type 'Single'.
D, [2022-05-15T11:53:18.706059 #22776] DEBUG -- : MONGODB | Server description for rocklov-db:27017 changed from 'standalone' to 'standalone'.
D, [2022-05-15T11:53:18.706418 #22776] DEBUG -- : MONGODB | There was a change in the members of the 'Single' topology.
D, [2022-05-15T11:53:18.707240 #22776] DEBUG -- : MONGODB | rocklov-db:27017 req:16 conn:1:1 sconn:108 | rocklov.delete | STARTED | {"delete"=>"users", "ordered"=>true, "deletes"=>[{"q"=>{"email"=>"massa teste.com"}, "limit"=>0}], "$db"=>"rocklov", "lsid"=>{"id"=><BSON::Binary:0x51660 type=uuid data=0x87fe812e8fb84d85...>}}
D, [2022-05-15T11:53:18.719432 #22776] DEBUG -- : MONGODB | rocklov-db:27017 req:16 | rocklov.delete | SUCCEEDED | 0.012s
D, [2022-05-15T11:53:19.705328 #22776] DEBUG -- : MONGODB | Topology type 'unknown' initializing.
D, [2022-05-15T11:53:19.705814 #22776] DEBUG -- : MONGODB | There was a change in the members of the 'Unknown' topology.
D, [2022-05-15T11:53:19.706118 #22776] DEBUG -- : MONGODB | Server rocklov-db:27017 initializing.
D, [2022-05-15T11:53:19.706590 #22776] DEBUG -- : MONGODB | Waiting for up to 30.00 seconds for servers to be scanned: #<Cluster topology=Unknown[rocklov-db:27017] servers=[#<Server address=rocklov-db:27017 UNKNOWN>]>
D, [2022-05-15T11:53:19.723007 #22776] DEBUG -- : MONGODB | Server description for rocklov-db:27017 changed from 'unknown' to 'standalone'.
D, [2022-05-15T11:53:19.723517 #22776] DEBUG -- : MONGODB | Topology type 'Unknown' changed to type 'Single'.
D, [2022-05-15T11:53:19.738252 #22776] DEBUG -- : MONGODB | Server description for rocklov-db:27017 changed from 'standalone' to 'standalone'.
D, [2022-05-15T11:53:19.738547 #22776] DEBUG -- : MONGODB | There was a change in the members of the 'Single' topology.
D, [2022-05-15T11:53:19.739495 #22776] DEBUG -- : MONGODB | rocklov-db:27017 req:19 conn:1:1 sconn:110 | rocklov.delete | STARTED | {"delete"=>"users", "ordered"=>true, "deletes"=>[{"q"=>{"email"=>"massa.teste.com"}, "limit"=>0}], "$db"=>"rocklov", "lsid"=>{"id"=><BSON::Binary:0x51780 type=uuid data=0x3e3683556928434c...>}}
D, [2022-05-15T11:53:19.751963 #22776] DEBUG -- : MONGODB | rocklov-db:27017 req:19 | rocklov.delete | SUCCEEDED | 0.012s
D, [2022-05-15T11:53:20.749714 #22776] DEBUG -- : MONGODB | Topology type 'unknown' initializing.
D, [2022-05-15T11:53:20.750134 #22776] DEBUG -- : MONGODB | There was a change in the members of the 'Unknown' topology.
D, [2022-05-15T11:53:20.750440 #22776] DEBUG -- : MONGODB | Server rocklov-db:27017 initializing.
D, [2022-05-15T11:53:20.750803 #22776] DEBUG -- : MONGODB | Waiting for up to 30.00 seconds for servers to be scanned: #<Cluster topology=Unknown[rocklov-db:27017] servers=[#<Server address=rocklov-db:27017 UNKNOWN>]>
D, [2022-05-15T11:53:20.767271 #22776] DEBUG -- : MONGODB | Server description for rocklov-db:27017 changed from 'unknown' to 'standalone'.
D, [2022-05-15T11:53:20.768152 #22776] DEBUG -- : MONGODB | Topology type 'Unknown' changed to type 'Single'.
D, [2022-05-15T11:53:20.782654 #22776] DEBUG -- : MONGODB | Server description for rocklov-db:27017 changed from 'standalone' to 'standalone'.
D, [2022-05-15T11:53:20.782923 #22776] DEBUG -- : MONGODB | There was a change in the members of the 'Single' topology.
D, [2022-05-15T11:53:20.783689 #22776] DEBUG -- : MONGODB | rocklov-db:27017 req:22 conn:1:1 sconn:112 | rocklov.delete | STARTED | {"delete"=>"users", "ordered"=>true, "deletes"=>[{"q"=>{"email"=>"massa.teste@email"}, "limit"=>0}], "$db"=>"rocklov", "lsid"=>{"id"=><BSON::Binary:0x51900 type=uuid data=0x220fe178422e4359...>}}
D, [2022-05-15T11:53:20.795251 #22776] DEBUG -- : MONGODB | rocklov-db:27017 req:22 | rocklov.delete | SUCCEEDED | 0.011s
D, [2022-05-15T11:53:21.449296 #22776] DEBUG -- : MONGODB | Topology type 'unknown' initializing.
D, [2022-05-15T11:53:21.449798 #22776] DEBUG -- : MONGODB | There was a change in the members of the 'Unknown' topology.
D, [2022-05-15T11:53:21.450016 #22776] DEBUG -- : MONGODB | Server rocklov-db:27017 initializing.
D, [2022-05-15T11:53:21.450199 #22776] DEBUG -- : MONGODB | Waiting for up to 30.00 seconds for servers to be scanned: #<Cluster topology=Unknown[rocklov-db:27017] servers=[#<Server address=rocklov-db:27017 UNKNOWN>]>
D, [2022-05-15T11:53:21.465623 #22776] DEBUG -- : MONGODB | Server description for rocklov-db:27017 changed from 'unknown' to 'standalone'.
D, [2022-05-15T11:53:21.466015 #22776] DEBUG -- : MONGODB | Topology type 'Unknown' changed to type 'Single'.
D, [2022-05-15T11:53:21.480014 #22776] DEBUG -- : MONGODB | Server description for rocklov-db:27017 changed from 'standalone' to 'standalone'.
D, [2022-05-15T11:53:21.480298 #22776] DEBUG -- : MONGODB | There was a change in the members of the 'Single' topology.
D, [2022-05-15T11:53:21.480938 #22776] DEBUG -- : MONGODB | rocklov-db:27017 req:25 conn:1:1 sconn:114 | rocklov.delete | STARTED | {"delete"=>"users", "ordered"=>true, "deletes"=>[{"q"=>{"email"=>"massa.teste@email.com"}, "limit"=>0}], "$db"=>"rocklov", "lsid"=>{"id"=><BSON::Binary:0x52020 type=uuid data=0xca03004ee9b444e4...>}}
D, [2022-05-15T11:53:21.491875 #22776] DEBUG -- : MONGODB | rocklov-db:27017 req:25 | rocklov.delete | SUCCEEDED | 0.011s
D, [2022-05-15T11:53:25.409966 #22776] DEBUG -- : MONGODB | Server description for rocklov-db:27017 changed from 'standalone' to 'standalone'.
D, [2022-05-15T11:53:25.410363 #22776] DEBUG -- : MONGODB | There was a change in the members of the 'Single' topology.
D, [2022-05-15T11:53:26.591730 #22776] DEBUG -- : MONGODB | Server description for rocklov-db:27017 changed from 'standalone' to 'standalone'.
D, [2022-05-15T11:53:26.592016 #22776] DEBUG -- : MONGODB | There was a change in the members of the 'Single' topology.
D, [2022-05-15T11:53:27.363576 #22776] DEBUG -- : MONGODB | Server description for rocklov-db:27017 changed from 'standalone' to 'standalone'.
D, [2022-05-15T11:53:27.363880 #22776] DEBUG -- : MONGODB | There was a change in the members of the 'Single' topology.
D, [2022-05-15T11:53:28.702922 #22776] DEBUG -- : MONGODB | Server description for rocklov-db:27017 changed from 'standalone' to 'standalone'.
D, [2022-05-15T11:53:28.703226 #22776] DEBUG -- : MONGODB | There was a change in the members of the 'Single' topology.
D, [2022-05-15T11:53:29.041339 #22776] DEBUG -- : MONGODB | Server description for rocklov-db:27017 changed from 'standalone' to 'standalone'.
D, [2022-05-15T11:53:29.041572 #22776] DEBUG -- : MONGODB | There was a change in the members of the 'Single' topology.
D, [2022-05-15T11:53:29.042130 #22776] DEBUG -- : MONGODB | rocklov-db:27017 req:27 conn:1:2 sconn:115 | admin.endSessions | STARTED | {"endSessions"=>[{"id"=><BSON::Binary:0x52020 type=uuid data=0xca03004ee9b444e4...>}], "$db"=>"admin"}
D, [2022-05-15T11:53:29.053021 #22776] DEBUG -- : MONGODB | rocklov-db:27017 req:27 | admin.endSessions | SUCCEEDED | 0.011s
D, [2022-05-15T11:53:29.070592 #22776] DEBUG -- : MONGODB | Server description for rocklov-db:27017 changed from 'standalone' to 'standalone'.
D, [2022-05-15T11:53:29.070825 #22776] DEBUG -- : MONGODB | There was a change in the members of the 'Single' topology.
D, [2022-05-15T11:53:29.071311 #22776] DEBUG -- : MONGODB | rocklov-db:27017 req:29 conn:1:2 sconn:116 | admin.endSessions | STARTED | {"endSessions"=>[{"id"=><BSON::Binary:0x51900 type=uuid data=0x220fe178422e4359...>}], "$db"=>"admin"}
D, [2022-05-15T11:53:29.082219 #22776] DEBUG -- : MONGODB | rocklov-db:27017 req:29 | admin.endSessions | SUCCEEDED | 0.011s
D, [2022-05-15T11:53:29.098877 #22776] DEBUG -- : MONGODB | Server description for rocklov-db:27017 changed from 'standalone' to 'standalone'.
D, [2022-05-15T11:53:29.099159 #22776] DEBUG -- : MONGODB | There was a change in the members of the 'Single' topology.
D, [2022-05-15T11:53:29.099811 #22776] DEBUG -- : MONGODB | rocklov-db:27017 req:31 conn:1:2 sconn:117 | admin.endSessions | STARTED | {"endSessions"=>[{"id"=><BSON::Binary:0x51780 type=uuid data=0x3e3683556928434c...>}], "$db"=>"admin"}
D, [2022-05-15T11:53:29.110481 #22776] DEBUG -- : MONGODB | rocklov-db:27017 req:31 | admin.endSessions | SUCCEEDED | 0.010s
D, [2022-05-15T11:53:29.127217 #22776] DEBUG -- : MONGODB | Server description for rocklov-db:27017 changed from 'standalone' to 'standalone'.
D, [2022-05-15T11:53:29.127441 #22776] DEBUG -- : MONGODB | There was a change in the members of the 'Single' topology.
D, [2022-05-15T11:53:29.128033 #22776] DEBUG -- : MONGODB | rocklov-db:27017 req:33 conn:1:2 sconn:118 | admin.endSessions | STARTED | {"endSessions"=>[{"id"=><BSON::Binary:0x51660 type=uuid data=0x87fe812e8fb84d85...>}], "$db"=>"admin"}
D, [2022-05-15T11:53:29.138755 #22776] DEBUG -- : MONGODB | rocklov-db:27017 req:33 | admin.endSessions | SUCCEEDED | 0.011s
D, [2022-05-15T11:53:29.155485 #22776] DEBUG -- : MONGODB | Server description for rocklov-db:27017 changed from 'standalone' to 'standalone'.
D, [2022-05-15T11:53:29.155719 #22776] DEBUG -- : MONGODB | There was a change in the members of the 'Single' topology.
D, [2022-05-15T11:53:29.156183 #22776] DEBUG -- : MONGODB | rocklov-db:27017 req:35 conn:1:2 sconn:119 | admin.endSessions | STARTED | {"endSessions"=>[{"id"=><BSON::Binary:0x51540 type=uuid data=0xbaae72df2e0d4571...>}], "$db"=>"admin"}
D, [2022-05-15T11:53:29.167050 #22776] DEBUG -- : MONGODB | rocklov-db:27017 req:35 | admin.endSessions | SUCCEEDED | 0.011s
D, [2022-05-15T11:53:29.183776 #22776] DEBUG -- : MONGODB | Server description for rocklov-db:27017 changed from 'standalone' to 'standalone'.
D, [2022-05-15T11:53:29.184083 #22776] DEBUG -- : MONGODB | There was a change in the members of the 'Single' topology.
D, [2022-05-15T11:53:29.184583 #22776] DEBUG -- : MONGODB | rocklov-db:27017 req:37 conn:1:2 sconn:120 | admin.endSessions | STARTED | {"endSessions"=>[{"id"=><BSON::Binary:0x51000 type=uuid data=0x54922f2cba3c492a...>}], "$db"=>"admin"}
D, [2022-05-15T11:53:29.195770 #22776] DEBUG -- : MONGODB | rocklov-db:27017 req:37 | admin.endSessions | SUCCEEDED | 0.011s
D, [2022-05-15T11:53:29.213422 #22776] DEBUG -- : MONGODB | Server description for rocklov-db:27017 changed from 'standalone' to 'standalone'.
D, [2022-05-15T11:53:29.213687 #22776] DEBUG -- : MONGODB | There was a change in the members of the 'Single' topology.
D, [2022-05-15T11:53:29.214392 #22776] DEBUG -- : MONGODB | rocklov-db:27017 req:39 conn:1:2 sconn:121 | admin.endSessions | STARTED | {"endSessions"=>[{"id"=><BSON::Binary:0x50880 type=uuid data=0xff04c37c89ec46f9...>}], "$db"=>"admin"}
D, [2022-05-15T11:53:29.225938 #22776] DEBUG -- : MONGODB | rocklov-db:27017 req:39 | admin.endSessions | SUCCEEDED | 0.011s
D, [2022-05-15T13:37:07.302290 #15872] DEBUG -- : MONGODB | Topology type 'unknown' initializing.
D, [2022-05-15T13:37:07.302708 #15872] DEBUG -- : MONGODB | There was a change in the members of the 'Unknown' topology.
D, [2022-05-15T13:37:07.302896 #15872] DEBUG -- : MONGODB | Server rocklov-db:27017 initializing.
D, [2022-05-15T13:37:07.303167 #15872] DEBUG -- : MONGODB | Waiting for up to 30.00 seconds for servers to be scanned: #<Cluster topology=Unknown[rocklov-db:27017] servers=[#<Server address=rocklov-db:27017 UNKNOWN>]>
D, [2022-05-15T13:37:07.318589 #15872] DEBUG -- : MONGODB | Server description for rocklov-db:27017 changed from 'unknown' to 'standalone'.
D, [2022-05-15T13:37:07.319025 #15872] DEBUG -- : MONGODB | Topology type 'Unknown' changed to type 'Single'.
D, [2022-05-15T13:38:00.285523 #10888] DEBUG -- : MONGODB | Topology type 'unknown' initializing.
D, [2022-05-15T13:38:00.285961 #10888] DEBUG -- : MONGODB | There was a change in the members of the 'Unknown' topology.
D, [2022-05-15T13:38:00.286143 #10888] DEBUG -- : MONGODB | Server rocklov-db:27017 initializing.
D, [2022-05-15T13:38:00.286434 #10888] DEBUG -- : MONGODB | Waiting for up to 30.00 seconds for servers to be scanned: #<Cluster topology=Unknown[rocklov-db:27017] servers=[#<Server address=rocklov-db:27017 UNKNOWN>]>
D, [2022-05-15T13:38:00.302326 #10888] DEBUG -- : MONGODB | Server description for rocklov-db:27017 changed from 'unknown' to 'standalone'.
D, [2022-05-15T13:38:00.302725 #10888] DEBUG -- : MONGODB | Topology type 'Unknown' changed to type 'Single'.
D, [2022-05-15T13:38:00.316720 #10888] DEBUG -- : MONGODB | Server description for rocklov-db:27017 changed from 'standalone' to 'standalone'.
D, [2022-05-15T13:38:00.317090 #10888] DEBUG -- : MONGODB | There was a change in the members of the 'Single' topology.
D, [2022-05-15T13:38:00.317992 #10888] DEBUG -- : MONGODB | rocklov-db:27017 req:7 conn:1:1 sconn:130 | rocklov.delete | STARTED | {"delete"=>"equipos", "ordered"=>true, "deletes"=>[{"q"=>{"name"=>"Fender Strato"}, "limit"=>0}], "$db"=>"rocklov", "lsid"=>{"id"=><BSON::Binary:0x50860 type=uuid data=0x7e05562b2bda4623...>}}
D, [2022-05-15T13:38:00.329369 #10888] DEBUG -- : MONGODB | rocklov-db:27017 req:7 | rocklov.delete | SUCCEEDED | 0.011s
D, [2022-05-15T13:38:10.315557 #10888] DEBUG -- : MONGODB | Server description for rocklov-db:27017 changed from 'standalone' to 'standalone'.
D, [2022-05-15T13:38:10.316102 #10888] DEBUG -- : MONGODB | There was a change in the members of the 'Single' topology.
D, [2022-05-15T13:38:33.843677 #4544] DEBUG -- : MONGODB | Topology type 'unknown' initializing.
D, [2022-05-15T13:38:33.844072 #4544] DEBUG -- : MONGODB | There was a change in the members of the 'Unknown' topology.
D, [2022-05-15T13:38:33.844256 #4544] DEBUG -- : MONGODB | Server rocklov-db:27017 initializing.
D, [2022-05-15T13:38:33.844523 #4544] DEBUG -- : MONGODB | Waiting for up to 30.00 seconds for servers to be scanned: #<Cluster topology=Unknown[rocklov-db:27017] servers=[#<Server address=rocklov-db:27017 UNKNOWN>]>
D, [2022-05-15T13:38:33.860183 #4544] DEBUG -- : MONGODB | Server description for rocklov-db:27017 changed from 'unknown' to 'standalone'.
D, [2022-05-15T13:38:33.860663 #4544] DEBUG -- : MONGODB | Topology type 'Unknown' changed to type 'Single'.
D, [2022-05-15T13:38:33.886451 #4544] DEBUG -- : MONGODB | Server description for rocklov-db:27017 changed from 'standalone' to 'standalone'.
D, [2022-05-15T13:38:33.887048 #4544] DEBUG -- : MONGODB | There was a change in the members of the 'Single' topology.
D, [2022-05-15T13:38:33.888364 #4544] DEBUG -- : MONGODB | rocklov-db:27017 req:7 conn:1:1 sconn:132 | rocklov.delete | STARTED | {"delete"=>"equipos", "ordered"=>true, "deletes"=>[{"q"=>{"name"=>"Fender Strato"}, "limit"=>0}], "$db"=>"rocklov", "lsid"=>{"id"=><BSON::Binary:0x50860 type=uuid data=0xb43defd2d501498c...>}}
D, [2022-05-15T13:38:33.899846 #4544] DEBUG -- : MONGODB | rocklov-db:27017 req:7 | rocklov.delete | SUCCEEDED | 0.011s
D, [2022-05-15T13:38:34.935348 #4544] DEBUG -- : MONGODB | Server description for rocklov-db:27017 changed from 'standalone' to 'standalone'.
D, [2022-05-15T13:38:34.935628 #4544] DEBUG -- : MONGODB | There was a change in the members of the 'Single' topology.
D, [2022-05-15T13:38:34.936312 #4544] DEBUG -- : MONGODB | rocklov-db:27017 req:9 conn:1:2 sconn:133 | admin.endSessions | STARTED | {"endSessions"=>[{"id"=><BSON::Binary:0x50860 type=uuid data=0xb43defd2d501498c...>}], "$db"=>"admin"}
D, [2022-05-15T13:38:34.947878 #4544] DEBUG -- : MONGODB | rocklov-db:27017 req:9 | admin.endSessions | SUCCEEDED | 0.011s
D, [2022-05-15T13:38:48.887497 #17100] DEBUG -- : MONGODB | Topology type 'unknown' initializing.
D, [2022-05-15T13:38:48.887985 #17100] DEBUG -- : MONGODB | There was a change in the members of the 'Unknown' topology.
D, [2022-05-15T13:38:48.888166 #17100] DEBUG -- : MONGODB | Server rocklov-db:27017 initializing.
D, [2022-05-15T13:38:48.888375 #17100] DEBUG -- : MONGODB | Waiting for up to 30.00 seconds for servers to be scanned: #<Cluster topology=Unknown[rocklov-db:27017] servers=[#<Server address=rocklov-db:27017 UNKNOWN>]>
D, [2022-05-15T13:38:48.903748 #17100] DEBUG -- : MONGODB | Server description for rocklov-db:27017 changed from 'unknown' to 'standalone'.
D, [2022-05-15T13:38:48.904079 #17100] DEBUG -- : MONGODB | Topology type 'Unknown' changed to type 'Single'.
D, [2022-05-15T13:38:48.919250 #17100] DEBUG -- : MONGODB | Server description for rocklov-db:27017 changed from 'standalone' to 'standalone'.
D, [2022-05-15T13:38:48.919499 #17100] DEBUG -- : MONGODB | There was a change in the members of the 'Single' topology.
D, [2022-05-15T13:38:48.920219 #17100] DEBUG -- : MONGODB | rocklov-db:27017 req:7 conn:1:1 sconn:135 | rocklov.delete | STARTED | {"delete"=>"equipos", "ordered"=>true, "deletes"=>[{"q"=>{"name"=>"Fender Strato"}, "limit"=>0}], "$db"=>"rocklov", "lsid"=>{"id"=><BSON::Binary:0x50860 type=uuid data=0x025b8a895dd243f0...>}}
D, [2022-05-15T13:38:48.930878 #17100] DEBUG -- : MONGODB | rocklov-db:27017 req:7 | rocklov.delete | SUCCEEDED | 0.010s
D, [2022-05-15T13:38:50.031356 #17100] DEBUG -- : MONGODB | Server description for rocklov-db:27017 changed from 'standalone' to 'standalone'.
D, [2022-05-15T13:38:50.031600 #17100] DEBUG -- : MONGODB | There was a change in the members of the 'Single' topology.
D, [2022-05-15T13:38:50.032133 #17100] DEBUG -- : MONGODB | rocklov-db:27017 req:9 conn:1:2 sconn:136 | admin.endSessions | STARTED | {"endSessions"=>[{"id"=><BSON::Binary:0x50860 type=uuid data=0x025b8a895dd243f0...>}], "$db"=>"admin"}
D, [2022-05-15T13:38:50.042902 #17100] DEBUG -- : MONGODB | rocklov-db:27017 req:9 | admin.endSessions | SUCCEEDED | 0.011s
D, [2022-05-15T13:50:08.920850 #13692] DEBUG -- : MONGODB | Topology type 'unknown' initializing.
D, [2022-05-15T13:50:08.921301 #13692] DEBUG -- : MONGODB | There was a change in the members of the 'Unknown' topology.
D, [2022-05-15T13:50:08.921514 #13692] DEBUG -- : MONGODB | Server rocklov-db:27017 initializing.
D, [2022-05-15T13:50:08.921730 #13692] DEBUG -- : MONGODB | Waiting for up to 30.00 seconds for servers to be scanned: #<Cluster topology=Unknown[rocklov-db:27017] servers=[#<Server address=rocklov-db:27017 UNKNOWN>]>
D, [2022-05-15T13:50:08.936950 #13692] DEBUG -- : MONGODB | Server description for rocklov-db:27017 changed from 'unknown' to 'standalone'.
D, [2022-05-15T13:50:08.937360 #13692] DEBUG -- : MONGODB | Topology type 'Unknown' changed to type 'Single'.
D, [2022-05-15T13:50:08.951548 #13692] DEBUG -- : MONGODB | Server description for rocklov-db:27017 changed from 'standalone' to 'standalone'.
D, [2022-05-15T13:50:08.951858 #13692] DEBUG -- : MONGODB | There was a change in the members of the 'Single' topology.
D, [2022-05-15T13:50:08.952760 #13692] DEBUG -- : MONGODB | rocklov-db:27017 req:7 conn:1:1 sconn:139 | rocklov.find | STARTED | {"find"=>"users", "filter"=>{"email"=>"massa.teste@anuncios.com"}, "$db"=>"rocklov", "lsid"=>{"id"=><BSON::Binary:0x50860 type=uuid data=0x54bdcb42c4ca4b3c...>}}
D, [2022-05-15T13:50:08.964243 #13692] DEBUG -- : MONGODB | rocklov-db:27017 req:7 | rocklov.find | SUCCEEDED | 0.011s
D, [2022-05-15T13:50:08.965061 #13692] DEBUG -- : MONGODB | Topology type 'unknown' initializing.
D, [2022-05-15T13:50:08.965420 #13692] DEBUG -- : MONGODB | There was a change in the members of the 'Unknown' topology.
D, [2022-05-15T13:50:08.965650 #13692] DEBUG -- : MONGODB | Server rocklov-db:27017 initializing.
D, [2022-05-15T13:50:08.966035 #13692] DEBUG -- : MONGODB | Waiting for up to 30.00 seconds for servers to be scanned: #<Cluster topology=Unknown[rocklov-db:27017] servers=[#<Server address=rocklov-db:27017 UNKNOWN>]>
D, [2022-05-15T13:50:08.980788 #13692] DEBUG -- : MONGODB | Server description for rocklov-db:27017 changed from 'unknown' to 'standalone'.
D, [2022-05-15T13:50:08.981164 #13692] DEBUG -- : MONGODB | Topology type 'Unknown' changed to type 'Single'.
D, [2022-05-15T13:50:08.995358 #13692] DEBUG -- : MONGODB | Server description for rocklov-db:27017 changed from 'standalone' to 'standalone'.
D, [2022-05-15T13:50:08.995628 #13692] DEBUG -- : MONGODB | There was a change in the members of the 'Single' topology.
D, [2022-05-15T13:50:08.996361 #13692] DEBUG -- : MONGODB | rocklov-db:27017 req:10 conn:1:1 sconn:141 | rocklov.delete | STARTED | {"delete"=>"equipos", "ordered"=>true, "deletes"=>[{"q"=>{"name"=>"Fender Strato", "user"=>BSON::ObjectId('62811b1316dcfd0028c995ee')}, "limit"=>0}], "$db"=>"rocklov", "lsid"=>{"id"=><BSON::Binary:0x50980 type=uuid data=0x6d50e03041844551...>}}
D, [2022-05-15T13:50:09.007141 #13692] DEBUG -- : MONGODB | rocklov-db:27017 req:10 | rocklov.delete | SUCCEEDED | 0.010s
D, [2022-05-15T13:50:10.042689 #13692] DEBUG -- : MONGODB | Server description for rocklov-db:27017 changed from 'standalone' to 'standalone'.
D, [2022-05-15T13:50:10.042914 #13692] DEBUG -- : MONGODB | There was a change in the members of the 'Single' topology.
D, [2022-05-15T13:50:10.043408 #13692] DEBUG -- : MONGODB | rocklov-db:27017 req:12 conn:1:2 sconn:142 | admin.endSessions | STARTED | {"endSessions"=>[{"id"=><BSON::Binary:0x50980 type=uuid data=0x6d50e03041844551...>}], "$db"=>"admin"}
D, [2022-05-15T13:50:10.054174 #13692] DEBUG -- : MONGODB | rocklov-db:27017 req:12 | admin.endSessions | SUCCEEDED | 0.011s
D, [2022-05-15T13:50:10.070920 #13692] DEBUG -- : MONGODB | Server description for rocklov-db:27017 changed from 'standalone' to 'standalone'.
D, [2022-05-15T13:50:10.071131 #13692] DEBUG -- : MONGODB | There was a change in the members of the 'Single' topology.
D, [2022-05-15T13:50:10.071638 #13692] DEBUG -- : MONGODB | rocklov-db:27017 req:14 conn:1:2 sconn:143 | admin.endSessions | STARTED | {"endSessions"=>[{"id"=><BSON::Binary:0x50860 type=uuid data=0x54bdcb42c4ca4b3c...>}], "$db"=>"admin"}
D, [2022-05-15T13:50:10.082556 #13692] DEBUG -- : MONGODB | rocklov-db:27017 req:14 | admin.endSessions | SUCCEEDED | 0.011s
D, [2022-05-15T13:53:29.844735 #17788] DEBUG -- : MONGODB | Topology type 'unknown' initializing.
D, [2022-05-15T13:53:29.845350 #17788] DEBUG -- : MONGODB | There was a change in the members of the 'Unknown' topology.
D, [2022-05-15T13:53:29.845555 #17788] DEBUG -- : MONGODB | Server rocklov-db:27017 initializing.
D, [2022-05-15T13:53:29.845861 #17788] DEBUG -- : MONGODB | Waiting for up to 30.00 seconds for servers to be scanned: #<Cluster topology=Unknown[rocklov-db:27017] servers=[#<Server address=rocklov-db:27017 UNKNOWN>]>
D, [2022-05-15T13:53:29.861006 #17788] DEBUG -- : MONGODB | Server description for rocklov-db:27017 changed from 'unknown' to 'standalone'.
D, [2022-05-15T13:53:29.861390 #17788] DEBUG -- : MONGODB | Topology type 'Unknown' changed to type 'Single'.
D, [2022-05-15T13:53:29.876853 #17788] DEBUG -- : MONGODB | Server description for rocklov-db:27017 changed from 'standalone' to 'standalone'.
D, [2022-05-15T13:53:29.877197 #17788] DEBUG -- : MONGODB | There was a change in the members of the 'Single' topology.
D, [2022-05-15T13:53:29.878386 #17788] DEBUG -- : MONGODB | rocklov-db:27017 req:7 conn:1:1 sconn:145 | rocklov.find | STARTED | {"find"=>"users", "filter"=>{"email"=>"massa.teste@anuncios.com"}, "$db"=>"rocklov", "lsid"=>{"id"=><BSON::Binary:0x50860 type=uuid data=0xfec1bc61d63f46f5...>}}
D, [2022-05-15T13:53:29.890044 #17788] DEBUG -- : MONGODB | rocklov-db:27017 req:7 | rocklov.find | SUCCEEDED | 0.011s
D, [2022-05-15T13:53:29.890845 #17788] DEBUG -- : MONGODB | Topology type 'unknown' initializing.
D, [2022-05-15T13:53:29.891231 #17788] DEBUG -- : MONGODB | There was a change in the members of the 'Unknown' topology.
D, [2022-05-15T13:53:29.891532 #17788] DEBUG -- : MONGODB | Server rocklov-db:27017 initializing.
D, [2022-05-15T13:53:29.891813 #17788] DEBUG -- : MONGODB | Waiting for up to 30.00 seconds for servers to be scanned: #<Cluster topology=Unknown[rocklov-db:27017] servers=[#<Server address=rocklov-db:27017 UNKNOWN>]>
D, [2022-05-15T13:53:29.906845 #17788] DEBUG -- : MONGODB | Server description for rocklov-db:27017 changed from 'unknown' to 'standalone'.
D, [2022-05-15T13:53:29.907205 #17788] DEBUG -- : MONGODB | Topology type 'Unknown' changed to type 'Single'.
D, [2022-05-15T13:53:29.920980 #17788] DEBUG -- : MONGODB | Server description for rocklov-db:27017 changed from 'standalone' to 'standalone'.
D, [2022-05-15T13:53:29.921314 #17788] DEBUG -- : MONGODB | There was a change in the members of the 'Single' topology.
D, [2022-05-15T13:53:29.922120 #17788] DEBUG -- : MONGODB | rocklov-db:27017 req:10 conn:1:1 sconn:147 | rocklov.delete | STARTED | {"delete"=>"equipos", "ordered"=>true, "deletes"=>[{"q"=>{"name"=>"Fender Strato", "user"=>BSON::ObjectId('62811b1316dcfd0028c995ee')}, "limit"=>0}], "$db"=>"rocklov", "lsid"=>{"id"=><BSON::Binary:0x50980 type=uuid data=0x5fcaa54d59b8466a...>}}
D, [2022-05-15T13:53:29.933505 #17788] DEBUG -- : MONGODB | rocklov-db:27017 req:10 | rocklov.delete | SUCCEEDED | 0.011s
D, [2022-05-15T13:53:31.022050 #17788] DEBUG -- : MONGODB | Server description for rocklov-db:27017 changed from 'standalone' to 'standalone'.
D, [2022-05-15T13:53:31.022271 #17788] DEBUG -- : MONGODB | There was a change in the members of the 'Single' topology.
D, [2022-05-15T13:53:31.022767 #17788] DEBUG -- : MONGODB | rocklov-db:27017 req:12 conn:1:2 sconn:148 | admin.endSessions | STARTED | {"endSessions"=>[{"id"=><BSON::Binary:0x50980 type=uuid data=0x5fcaa54d59b8466a...>}], "$db"=>"admin"}
D, [2022-05-15T13:53:31.033625 #17788] DEBUG -- : MONGODB | rocklov-db:27017 req:12 | admin.endSessions | SUCCEEDED | 0.011s
D, [2022-05-15T13:53:31.050566 #17788] DEBUG -- : MONGODB | Server description for rocklov-db:27017 changed from 'standalone' to 'standalone'.
D, [2022-05-15T13:53:31.050857 #17788] DEBUG -- : MONGODB | There was a change in the members of the 'Single' topology.
D, [2022-05-15T13:53:31.051336 #17788] DEBUG -- : MONGODB | rocklov-db:27017 req:14 conn:1:2 sconn:149 | admin.endSessions | STARTED | {"endSessions"=>[{"id"=><BSON::Binary:0x50860 type=uuid data=0xfec1bc61d63f46f5...>}], "$db"=>"admin"}
D, [2022-05-15T13:53:31.061970 #17788] DEBUG -- : MONGODB | rocklov-db:27017 req:14 | admin.endSessions | SUCCEEDED | 0.010s
D, [2022-05-15T13:53:44.736060 #13924] DEBUG -- : MONGODB | Topology type 'unknown' initializing.
D, [2022-05-15T13:53:44.736562 #13924] DEBUG -- : MONGODB | There was a change in the members of the 'Unknown' topology.
D, [2022-05-15T13:53:44.736784 #13924] DEBUG -- : MONGODB | Server rocklov-db:27017 initializing.
D, [2022-05-15T13:53:44.737077 #13924] DEBUG -- : MONGODB | Waiting for up to 30.00 seconds for servers to be scanned: #<Cluster topology=Unknown[rocklov-db:27017] servers=[#<Server address=rocklov-db:27017 UNKNOWN>]>
D, [2022-05-15T13:53:44.752468 #13924] DEBUG -- : MONGODB | Server description for rocklov-db:27017 changed from 'unknown' to 'standalone'.
D, [2022-05-15T13:53:44.752829 #13924] DEBUG -- : MONGODB | Topology type 'Unknown' changed to type 'Single'.
D, [2022-05-15T13:53:44.767205 #13924] DEBUG -- : MONGODB | Server description for rocklov-db:27017 changed from 'standalone' to 'standalone'.
D, [2022-05-15T13:53:44.767455 #13924] DEBUG -- : MONGODB | There was a change in the members of the 'Single' topology.
D, [2022-05-15T13:53:44.768319 #13924] DEBUG -- : MONGODB | rocklov-db:27017 req:7 conn:1:1 sconn:151 | rocklov.find | STARTED | {"find"=>"users", "filter"=>{"email"=>"massa.teste@anuncios.com"}, "$db"=>"rocklov", "lsid"=>{"id"=><BSON::Binary:0x50860 type=uuid data=0xf53956204a1645ae...>}}
D, [2022-05-15T13:53:44.779833 #13924] DEBUG -- : MONGODB | rocklov-db:27017 req:7 | rocklov.find | SUCCEEDED | 0.011s
D, [2022-05-15T13:53:44.780983 #13924] DEBUG -- : MONGODB | Topology type 'unknown' initializing.
D, [2022-05-15T13:53:44.781495 #13924] DEBUG -- : MONGODB | There was a change in the members of the 'Unknown' topology.
D, [2022-05-15T13:53:44.781888 #13924] DEBUG -- : MONGODB | Server rocklov-db:27017 initializing.
D, [2022-05-15T13:53:44.782281 #13924] DEBUG -- : MONGODB | Waiting for up to 30.00 seconds for servers to be scanned: #<Cluster topology=Unknown[rocklov-db:27017] servers=[#<Server address=rocklov-db:27017 UNKNOWN>]>
D, [2022-05-15T13:53:44.798376 #13924] DEBUG -- : MONGODB | Server description for rocklov-db:27017 changed from 'unknown' to 'standalone'.
D, [2022-05-15T13:53:44.798736 #13924] DEBUG -- : MONGODB | Topology type 'Unknown' changed to type 'Single'.
D, [2022-05-15T13:53:44.813035 #13924] DEBUG -- : MONGODB | Server description for rocklov-db:27017 changed from 'standalone' to 'standalone'.
D, [2022-05-15T13:53:44.813361 #13924] DEBUG -- : MONGODB | There was a change in the members of the 'Single' topology.
D, [2022-05-15T13:53:44.813999 #13924] DEBUG -- : MONGODB | rocklov-db:27017 req:10 conn:1:1 sconn:153 | rocklov.delete | STARTED | {"delete"=>"equipos", "ordered"=>true, "deletes"=>[{"q"=>{"name"=>"Fender Strato", "user"=>BSON::ObjectId('62811b1316dcfd0028c995ee')}, "limit"=>0}], "$db"=>"rocklov", "lsid"=>{"id"=><BSON::Binary:0x50980 type=uuid data=0xaac80c076d86430a...>}}
D, [2022-05-15T13:53:44.825428 #13924] DEBUG -- : MONGODB | rocklov-db:27017 req:10 | rocklov.delete | SUCCEEDED | 0.011s
D, [2022-05-15T13:53:45.846856 #13924] DEBUG -- : MONGODB | Server description for rocklov-db:27017 changed from 'standalone' to 'standalone'.
D, [2022-05-15T13:53:45.847299 #13924] DEBUG -- : MONGODB | There was a change in the members of the 'Single' topology.
D, [2022-05-15T13:53:45.849658 #13924] DEBUG -- : MONGODB | rocklov-db:27017 req:12 conn:1:2 sconn:154 | admin.endSessions | STARTED | {"endSessions"=>[{"id"=><BSON::Binary:0x50980 type=uuid data=0xaac80c076d86430a...>}], "$db"=>"admin"}
D, [2022-05-15T13:53:45.861212 #13924] DEBUG -- : MONGODB | rocklov-db:27017 req:12 | admin.endSessions | SUCCEEDED | 0.011s
D, [2022-05-15T13:53:45.878823 #13924] DEBUG -- : MONGODB | Server description for rocklov-db:27017 changed from 'standalone' to 'standalone'.
D, [2022-05-15T13:53:45.879141 #13924] DEBUG -- : MONGODB | There was a change in the members of the 'Single' topology.
D, [2022-05-15T13:53:45.879637 #13924] DEBUG -- : MONGODB | rocklov-db:27017 req:14 conn:1:2 sconn:155 | admin.endSessions | STARTED | {"endSessions"=>[{"id"=><BSON::Binary:0x50860 type=uuid data=0xf53956204a1645ae...>}], "$db"=>"admin"}
D, [2022-05-15T13:53:45.890318 #13924] DEBUG -- : MONGODB | rocklov-db:27017 req:14 | admin.endSessions | SUCCEEDED | 0.010s
